<?xml version="1.0" encoding="utf-8"?><testsuites name="pytest tests"><testsuite name="pytest" errors="207" failures="49" skipped="0" tests="311" time="25.120" timestamp="2025-08-01T22:29:17.745988+00:00" hostname="b83da7f8a05f"><testcase classname="tests.test_activitypub_routes.TestActorRoutes" name="test_user_actor_json" time="0.393"><error message="failed on setup with &quot;sqlalchemy.exc.ProgrammingError: (psycopg2.errors.UndefinedColumn) column &quot;online&quot; of relation &quot;instance&quot; does not exist&#10;LINE 1: ..., inbox, shared_inbox, outbox, software, version, online, go...&#10;                                                             ^&#10;&#10;[SQL: INSERT INTO instance (domain, inbox, shared_inbox, outbox, software, version, online, gone_forever, dormant, trust_level, nodeinfo_href, post_count, user_count, last_seen, last_successful_contact, last_failed_contact, failures, most_recent_attempt, created_at, updated_at) VALUES (%(domain)s, %(inbox)s, %(shared_inbox)s, %(outbox)s, %(software)s, %(version)s, %(online)s, %(gone_forever)s, %(dormant)s, %(trust_level)s, %(nodeinfo_href)s, %(post_count)s, %(user_count)s, %(last_seen)s, %(last_successful_contact)s, %(last_failed_contact)s, %(failures)s, %(most_recent_attempt)s, %(created_at)s, %(updated_at)s) RETURNING instance.id]&#10;[parameters: {'domain': 'test.instance', 'inbox': None, 'shared_inbox': None, 'outbox': None, 'software': 'pyfedi', 'version': None, 'online': True, 'gone_forever': False, 'dormant': False, 'trust_level': 0.0, 'nodeinfo_href': None, 'post_count': 0, 'user_count': 0, 'last_seen': None, 'last_successful_contact': None, 'last_failed_contact': None, 'failures': 0, 'most_recent_attempt': None, 'created_at': datetime.datetime(2025, 8, 1, 22, 29, 18, 443978), 'updated_at': None}]&#10;(Background on this error at: https://sqlalche.me/e/20/f405)&quot;">/usr/local/lib/python3.13/site-packages/sqlalchemy/engine/base.py:1963: in _exec_single_context
    self.dialect.do_execute(
/usr/local/lib/python3.13/site-packages/sqlalchemy/engine/default.py:943: in do_execute
    cursor.execute(statement, parameters)
E   psycopg2.errors.UndefinedColumn: column "online" of relation "instance" does not exist
E   LINE 1: ..., inbox, shared_inbox, outbox, software, version, online, go...
E                                                                ^

The above exception was the direct cause of the following exception:
/Users/michael/code/pyfedi/tests/conftest.py:106: in test_instance
    ???
/usr/local/lib/python3.13/site-packages/sqlalchemy/orm/scoping.py:599: in commit
    return self._proxied.commit()
           ^^^^^^^^^^^^^^^^^^^^^^
/usr/local/lib/python3.13/site-packages/sqlalchemy/orm/session.py:2032: in commit
    trans.commit(_to_root=True)
/usr/local/lib/python3.13/site-packages/sqlalchemy/orm/state_changes.py:139: in _go
    ret_value = fn(self, *arg, **kw)
                ^^^^^^^^^^^^^^^^^^^^
/usr/local/lib/python3.13/site-packages/sqlalchemy/orm/session.py:1313: in commit
    self._prepare_impl()
/usr/local/lib/python3.13/site-packages/sqlalchemy/orm/state_changes.py:139: in _go
    ret_value = fn(self, *arg, **kw)
                ^^^^^^^^^^^^^^^^^^^^
/usr/local/lib/python3.13/site-packages/sqlalchemy/orm/session.py:1288: in _prepare_impl
    self.session.flush()
/usr/local/lib/python3.13/site-packages/sqlalchemy/orm/session.py:4345: in flush
    self._flush(objects)
/usr/local/lib/python3.13/site-packages/sqlalchemy/orm/session.py:4480: in _flush
    with util.safe_reraise():
         ^^^^^^^^^^^^^^^^^^^
/usr/local/lib/python3.13/site-packages/sqlalchemy/util/langhelpers.py:224: in __exit__
    raise exc_value.with_traceback(exc_tb)
/usr/local/lib/python3.13/site-packages/sqlalchemy/orm/session.py:4441: in _flush
    flush_context.execute()
/usr/local/lib/python3.13/site-packages/sqlalchemy/orm/unitofwork.py:466: in execute
    rec.execute(self)
/usr/local/lib/python3.13/site-packages/sqlalchemy/orm/unitofwork.py:642: in execute
    util.preloaded.orm_persistence.save_obj(
/usr/local/lib/python3.13/site-packages/sqlalchemy/orm/persistence.py:93: in save_obj
    _emit_insert_statements(
/usr/local/lib/python3.13/site-packages/sqlalchemy/orm/persistence.py:1233: in _emit_insert_statements
    result = connection.execute(
/usr/local/lib/python3.13/site-packages/sqlalchemy/engine/base.py:1415: in execute
    return meth(
/usr/local/lib/python3.13/site-packages/sqlalchemy/sql/elements.py:523: in _execute_on_connection
    return connection._execute_clauseelement(
/usr/local/lib/python3.13/site-packages/sqlalchemy/engine/base.py:1637: in _execute_clauseelement
    ret = self._execute_context(
/usr/local/lib/python3.13/site-packages/sqlalchemy/engine/base.py:1842: in _execute_context
    return self._exec_single_context(
/usr/local/lib/python3.13/site-packages/sqlalchemy/engine/base.py:1982: in _exec_single_context
    self._handle_dbapi_exception(
/usr/local/lib/python3.13/site-packages/sqlalchemy/engine/base.py:2351: in _handle_dbapi_exception
    raise sqlalchemy_exception.with_traceback(exc_info[2]) from e
/usr/local/lib/python3.13/site-packages/sqlalchemy/engine/base.py:1963: in _exec_single_context
    self.dialect.do_execute(
/usr/local/lib/python3.13/site-packages/sqlalchemy/engine/default.py:943: in do_execute
    cursor.execute(statement, parameters)
E   sqlalchemy.exc.ProgrammingError: (psycopg2.errors.UndefinedColumn) column "online" of relation "instance" does not exist
E   LINE 1: ..., inbox, shared_inbox, outbox, software, version, online, go...
E                                                                ^
E   
E   [SQL: INSERT INTO instance (domain, inbox, shared_inbox, outbox, software, version, online, gone_forever, dormant, trust_level, nodeinfo_href, post_count, user_count, last_seen, last_successful_contact, last_failed_contact, failures, most_recent_attempt, created_at, updated_at) VALUES (%(domain)s, %(inbox)s, %(shared_inbox)s, %(outbox)s, %(software)s, %(version)s, %(online)s, %(gone_forever)s, %(dormant)s, %(trust_level)s, %(nodeinfo_href)s, %(post_count)s, %(user_count)s, %(last_seen)s, %(last_successful_contact)s, %(last_failed_contact)s, %(failures)s, %(most_recent_attempt)s, %(created_at)s, %(updated_at)s) RETURNING instance.id]
E   [parameters: {'domain': 'test.instance', 'inbox': None, 'shared_inbox': None, 'outbox': None, 'software': 'pyfedi', 'version': None, 'online': True, 'gone_forever': False, 'dormant': False, 'trust_level': 0.0, 'nodeinfo_href': None, 'post_count': 0, 'user_count': 0, 'last_seen': None, 'last_successful_contact': None, 'last_failed_contact': None, 'failures': 0, 'most_recent_attempt': None, 'created_at': datetime.datetime(2025, 8, 1, 22, 29, 18, 443978), 'updated_at': None}]
E   (Background on this error at: https://sqlalche.me/e/20/f405)</error></testcase><testcase classname="tests.test_activitypub_routes.TestActorRoutes" name="test_community_actor_json" time="0.003"><error message="failed on setup with &quot;sqlalchemy.exc.ProgrammingError: (psycopg2.errors.UndefinedColumn) column &quot;online&quot; of relation &quot;instance&quot; does not exist&#10;LINE 1: ..., inbox, shared_inbox, outbox, software, version, online, go...&#10;                                                             ^&#10;&#10;[SQL: INSERT INTO instance (domain, inbox, shared_inbox, outbox, software, version, online, gone_forever, dormant, trust_level, nodeinfo_href, post_count, user_count, last_seen, last_successful_contact, last_failed_contact, failures, most_recent_attempt, created_at, updated_at) VALUES (%(domain)s, %(inbox)s, %(shared_inbox)s, %(outbox)s, %(software)s, %(version)s, %(online)s, %(gone_forever)s, %(dormant)s, %(trust_level)s, %(nodeinfo_href)s, %(post_count)s, %(user_count)s, %(last_seen)s, %(last_successful_contact)s, %(last_failed_contact)s, %(failures)s, %(most_recent_attempt)s, %(created_at)s, %(updated_at)s) RETURNING instance.id]&#10;[parameters: {'domain': 'test.instance', 'inbox': None, 'shared_inbox': None, 'outbox': None, 'software': 'pyfedi', 'version': None, 'online': True, 'gone_forever': False, 'dormant': False, 'trust_level': 0.0, 'nodeinfo_href': None, 'post_count': 0, 'user_count': 0, 'last_seen': None, 'last_successful_contact': None, 'last_failed_contact': None, 'failures': 0, 'most_recent_attempt': None, 'created_at': datetime.datetime(2025, 8, 1, 22, 29, 18, 830546), 'updated_at': None}]&#10;(Background on this error at: https://sqlalche.me/e/20/f405)&quot;">/usr/local/lib/python3.13/site-packages/sqlalchemy/engine/base.py:1963: in _exec_single_context
    self.dialect.do_execute(
/usr/local/lib/python3.13/site-packages/sqlalchemy/engine/default.py:943: in do_execute
    cursor.execute(statement, parameters)
E   psycopg2.errors.UndefinedColumn: column "online" of relation "instance" does not exist
E   LINE 1: ..., inbox, shared_inbox, outbox, software, version, online, go...
E                                                                ^

The above exception was the direct cause of the following exception:
/Users/michael/code/pyfedi/tests/conftest.py:106: in test_instance
    ???
/usr/local/lib/python3.13/site-packages/sqlalchemy/orm/scoping.py:599: in commit
    return self._proxied.commit()
           ^^^^^^^^^^^^^^^^^^^^^^
/usr/local/lib/python3.13/site-packages/sqlalchemy/orm/session.py:2032: in commit
    trans.commit(_to_root=True)
/usr/local/lib/python3.13/site-packages/sqlalchemy/orm/state_changes.py:139: in _go
    ret_value = fn(self, *arg, **kw)
                ^^^^^^^^^^^^^^^^^^^^
/usr/local/lib/python3.13/site-packages/sqlalchemy/orm/session.py:1313: in commit
    self._prepare_impl()
/usr/local/lib/python3.13/site-packages/sqlalchemy/orm/state_changes.py:139: in _go
    ret_value = fn(self, *arg, **kw)
                ^^^^^^^^^^^^^^^^^^^^
/usr/local/lib/python3.13/site-packages/sqlalchemy/orm/session.py:1288: in _prepare_impl
    self.session.flush()
/usr/local/lib/python3.13/site-packages/sqlalchemy/orm/session.py:4345: in flush
    self._flush(objects)
/usr/local/lib/python3.13/site-packages/sqlalchemy/orm/session.py:4480: in _flush
    with util.safe_reraise():
         ^^^^^^^^^^^^^^^^^^^
/usr/local/lib/python3.13/site-packages/sqlalchemy/util/langhelpers.py:224: in __exit__
    raise exc_value.with_traceback(exc_tb)
/usr/local/lib/python3.13/site-packages/sqlalchemy/orm/session.py:4441: in _flush
    flush_context.execute()
/usr/local/lib/python3.13/site-packages/sqlalchemy/orm/unitofwork.py:466: in execute
    rec.execute(self)
/usr/local/lib/python3.13/site-packages/sqlalchemy/orm/unitofwork.py:642: in execute
    util.preloaded.orm_persistence.save_obj(
/usr/local/lib/python3.13/site-packages/sqlalchemy/orm/persistence.py:93: in save_obj
    _emit_insert_statements(
/usr/local/lib/python3.13/site-packages/sqlalchemy/orm/persistence.py:1233: in _emit_insert_statements
    result = connection.execute(
/usr/local/lib/python3.13/site-packages/sqlalchemy/engine/base.py:1415: in execute
    return meth(
/usr/local/lib/python3.13/site-packages/sqlalchemy/sql/elements.py:523: in _execute_on_connection
    return connection._execute_clauseelement(
/usr/local/lib/python3.13/site-packages/sqlalchemy/engine/base.py:1637: in _execute_clauseelement
    ret = self._execute_context(
/usr/local/lib/python3.13/site-packages/sqlalchemy/engine/base.py:1842: in _execute_context
    return self._exec_single_context(
/usr/local/lib/python3.13/site-packages/sqlalchemy/engine/base.py:1982: in _exec_single_context
    self._handle_dbapi_exception(
/usr/local/lib/python3.13/site-packages/sqlalchemy/engine/base.py:2351: in _handle_dbapi_exception
    raise sqlalchemy_exception.with_traceback(exc_info[2]) from e
/usr/local/lib/python3.13/site-packages/sqlalchemy/engine/base.py:1963: in _exec_single_context
    self.dialect.do_execute(
/usr/local/lib/python3.13/site-packages/sqlalchemy/engine/default.py:943: in do_execute
    cursor.execute(statement, parameters)
E   sqlalchemy.exc.ProgrammingError: (psycopg2.errors.UndefinedColumn) column "online" of relation "instance" does not exist
E   LINE 1: ..., inbox, shared_inbox, outbox, software, version, online, go...
E                                                                ^
E   
E   [SQL: INSERT INTO instance (domain, inbox, shared_inbox, outbox, software, version, online, gone_forever, dormant, trust_level, nodeinfo_href, post_count, user_count, last_seen, last_successful_contact, last_failed_contact, failures, most_recent_attempt, created_at, updated_at) VALUES (%(domain)s, %(inbox)s, %(shared_inbox)s, %(outbox)s, %(software)s, %(version)s, %(online)s, %(gone_forever)s, %(dormant)s, %(trust_level)s, %(nodeinfo_href)s, %(post_count)s, %(user_count)s, %(last_seen)s, %(last_successful_contact)s, %(last_failed_contact)s, %(failures)s, %(most_recent_attempt)s, %(created_at)s, %(updated_at)s) RETURNING instance.id]
E   [parameters: {'domain': 'test.instance', 'inbox': None, 'shared_inbox': None, 'outbox': None, 'software': 'pyfedi', 'version': None, 'online': True, 'gone_forever': False, 'dormant': False, 'trust_level': 0.0, 'nodeinfo_href': None, 'post_count': 0, 'user_count': 0, 'last_seen': None, 'last_successful_contact': None, 'last_failed_contact': None, 'failures': 0, 'most_recent_attempt': None, 'created_at': datetime.datetime(2025, 8, 1, 22, 29, 18, 830546), 'updated_at': None}]
E   (Background on this error at: https://sqlalche.me/e/20/f405)</error></testcase><testcase classname="tests.test_activitypub_routes.TestActorRoutes" name="test_server_actor" time="0.003"><failure message="AttributeError: site">/Users/michael/code/pyfedi/tests/test_activitypub_routes.py:62: in test_server_actor
    ???
/usr/local/lib/python3.13/site-packages/werkzeug/test.py:1162: in get
    return self.open(*args, **kw)
           ^^^^^^^^^^^^^^^^^^^^^^
/usr/local/lib/python3.13/site-packages/flask/testing.py:235: in open
    response = super().open(
/usr/local/lib/python3.13/site-packages/werkzeug/test.py:1116: in open
    response_parts = self.run_wsgi_app(request.environ, buffered=buffered)
                     ^^^^^^^^^^^^^^^^^^^^^^^^^^^^^^^^^^^^^^^^^^^^^^^^^^^^^
/usr/local/lib/python3.13/site-packages/werkzeug/test.py:988: in run_wsgi_app
    rv = run_wsgi_app(self.application, environ, buffered=buffered)
         ^^^^^^^^^^^^^^^^^^^^^^^^^^^^^^^^^^^^^^^^^^^^^^^^^^^^^^^^^^
/usr/local/lib/python3.13/site-packages/werkzeug/test.py:1264: in run_wsgi_app
    app_rv = app(environ, start_response)
             ^^^^^^^^^^^^^^^^^^^^^^^^^^^^
/usr/local/lib/python3.13/site-packages/flask/app.py:1536: in __call__
    return self.wsgi_app(environ, start_response)
           ^^^^^^^^^^^^^^^^^^^^^^^^^^^^^^^^^^^^^^
/usr/local/lib/python3.13/site-packages/werkzeug/middleware/proxy_fix.py:183: in __call__
    return self.app(environ, start_response)
           ^^^^^^^^^^^^^^^^^^^^^^^^^^^^^^^^^
/usr/local/lib/python3.13/site-packages/flask/app.py:1514: in wsgi_app
    response = self.handle_exception(e)
               ^^^^^^^^^^^^^^^^^^^^^^^^
/usr/local/lib/python3.13/site-packages/flask/app.py:1511: in wsgi_app
    response = self.full_dispatch_request()
               ^^^^^^^^^^^^^^^^^^^^^^^^^^^^
/usr/local/lib/python3.13/site-packages/flask/app.py:919: in full_dispatch_request
    rv = self.handle_user_exception(e)
         ^^^^^^^^^^^^^^^^^^^^^^^^^^^^^
/usr/local/lib/python3.13/site-packages/flask/app.py:917: in full_dispatch_request
    rv = self.dispatch_request()
         ^^^^^^^^^^^^^^^^^^^^^^^
/usr/local/lib/python3.13/site-packages/flask/app.py:902: in dispatch_request
    return self.ensure_sync(self.view_functions[rule.endpoint])(**view_args)  # type: ignore[no-any-return]
           ^^^^^^^^^^^^^^^^^^^^^^^^^^^^^^^^^^^^^^^^^^^^^^^^^^^^^^^^^^^^^^^^^
app/main/routes.py:988: in instance_actor
    'publicKeyPem': g.site.public_key
                    ^^^^^^
/usr/local/lib/python3.13/site-packages/flask/ctx.py:56: in __getattr__
    raise AttributeError(name) from None
E   AttributeError: site</failure></testcase><testcase classname="tests.test_activitypub_routes.TestInboxRoutes" name="test_shared_inbox_post" time="0.002"><failure message="AttributeError: &lt;module 'app.activitypub.routes.inbox' from '/app/app/activitypub/routes/inbox.py'&gt; does not have the attribute 'verify_request'">/Users/michael/code/pyfedi/tests/test_activitypub_routes.py:87: in test_shared_inbox_post
    ???
/usr/local/lib/python3.13/unittest/mock.py:1497: in __enter__
    original, local = self.get_original()
                      ^^^^^^^^^^^^^^^^^^^
/usr/local/lib/python3.13/unittest/mock.py:1467: in get_original
    raise AttributeError(
E   AttributeError: &lt;module 'app.activitypub.routes.inbox' from '/app/app/activitypub/routes/inbox.py'&gt; does not have the attribute 'verify_request'</failure></testcase><testcase classname="tests.test_activitypub_routes.TestInboxRoutes" name="test_user_inbox" time="0.003"><error message="failed on setup with &quot;sqlalchemy.exc.ProgrammingError: (psycopg2.errors.UndefinedColumn) column &quot;online&quot; of relation &quot;instance&quot; does not exist&#10;LINE 1: ..., inbox, shared_inbox, outbox, software, version, online, go...&#10;                                                             ^&#10;&#10;[SQL: INSERT INTO instance (domain, inbox, shared_inbox, outbox, software, version, online, gone_forever, dormant, trust_level, nodeinfo_href, post_count, user_count, last_seen, last_successful_contact, last_failed_contact, failures, most_recent_attempt, created_at, updated_at) VALUES (%(domain)s, %(inbox)s, %(shared_inbox)s, %(outbox)s, %(software)s, %(version)s, %(online)s, %(gone_forever)s, %(dormant)s, %(trust_level)s, %(nodeinfo_href)s, %(post_count)s, %(user_count)s, %(last_seen)s, %(last_successful_contact)s, %(last_failed_contact)s, %(failures)s, %(most_recent_attempt)s, %(created_at)s, %(updated_at)s) RETURNING instance.id]&#10;[parameters: {'domain': 'test.instance', 'inbox': None, 'shared_inbox': None, 'outbox': None, 'software': 'pyfedi', 'version': None, 'online': True, 'gone_forever': False, 'dormant': False, 'trust_level': 0.0, 'nodeinfo_href': None, 'post_count': 0, 'user_count': 0, 'last_seen': None, 'last_successful_contact': None, 'last_failed_contact': None, 'failures': 0, 'most_recent_attempt': None, 'created_at': datetime.datetime(2025, 8, 1, 22, 29, 19, 343581), 'updated_at': None}]&#10;(Background on this error at: https://sqlalche.me/e/20/f405)&quot;">/usr/local/lib/python3.13/site-packages/sqlalchemy/engine/base.py:1963: in _exec_single_context
    self.dialect.do_execute(
/usr/local/lib/python3.13/site-packages/sqlalchemy/engine/default.py:943: in do_execute
    cursor.execute(statement, parameters)
E   psycopg2.errors.UndefinedColumn: column "online" of relation "instance" does not exist
E   LINE 1: ..., inbox, shared_inbox, outbox, software, version, online, go...
E                                                                ^

The above exception was the direct cause of the following exception:
/Users/michael/code/pyfedi/tests/conftest.py:106: in test_instance
    ???
/usr/local/lib/python3.13/site-packages/sqlalchemy/orm/scoping.py:599: in commit
    return self._proxied.commit()
           ^^^^^^^^^^^^^^^^^^^^^^
/usr/local/lib/python3.13/site-packages/sqlalchemy/orm/session.py:2032: in commit
    trans.commit(_to_root=True)
/usr/local/lib/python3.13/site-packages/sqlalchemy/orm/state_changes.py:139: in _go
    ret_value = fn(self, *arg, **kw)
                ^^^^^^^^^^^^^^^^^^^^
/usr/local/lib/python3.13/site-packages/sqlalchemy/orm/session.py:1313: in commit
    self._prepare_impl()
/usr/local/lib/python3.13/site-packages/sqlalchemy/orm/state_changes.py:139: in _go
    ret_value = fn(self, *arg, **kw)
                ^^^^^^^^^^^^^^^^^^^^
/usr/local/lib/python3.13/site-packages/sqlalchemy/orm/session.py:1288: in _prepare_impl
    self.session.flush()
/usr/local/lib/python3.13/site-packages/sqlalchemy/orm/session.py:4345: in flush
    self._flush(objects)
/usr/local/lib/python3.13/site-packages/sqlalchemy/orm/session.py:4480: in _flush
    with util.safe_reraise():
         ^^^^^^^^^^^^^^^^^^^
/usr/local/lib/python3.13/site-packages/sqlalchemy/util/langhelpers.py:224: in __exit__
    raise exc_value.with_traceback(exc_tb)
/usr/local/lib/python3.13/site-packages/sqlalchemy/orm/session.py:4441: in _flush
    flush_context.execute()
/usr/local/lib/python3.13/site-packages/sqlalchemy/orm/unitofwork.py:466: in execute
    rec.execute(self)
/usr/local/lib/python3.13/site-packages/sqlalchemy/orm/unitofwork.py:642: in execute
    util.preloaded.orm_persistence.save_obj(
/usr/local/lib/python3.13/site-packages/sqlalchemy/orm/persistence.py:93: in save_obj
    _emit_insert_statements(
/usr/local/lib/python3.13/site-packages/sqlalchemy/orm/persistence.py:1233: in _emit_insert_statements
    result = connection.execute(
/usr/local/lib/python3.13/site-packages/sqlalchemy/engine/base.py:1415: in execute
    return meth(
/usr/local/lib/python3.13/site-packages/sqlalchemy/sql/elements.py:523: in _execute_on_connection
    return connection._execute_clauseelement(
/usr/local/lib/python3.13/site-packages/sqlalchemy/engine/base.py:1637: in _execute_clauseelement
    ret = self._execute_context(
/usr/local/lib/python3.13/site-packages/sqlalchemy/engine/base.py:1842: in _execute_context
    return self._exec_single_context(
/usr/local/lib/python3.13/site-packages/sqlalchemy/engine/base.py:1982: in _exec_single_context
    self._handle_dbapi_exception(
/usr/local/lib/python3.13/site-packages/sqlalchemy/engine/base.py:2351: in _handle_dbapi_exception
    raise sqlalchemy_exception.with_traceback(exc_info[2]) from e
/usr/local/lib/python3.13/site-packages/sqlalchemy/engine/base.py:1963: in _exec_single_context
    self.dialect.do_execute(
/usr/local/lib/python3.13/site-packages/sqlalchemy/engine/default.py:943: in do_execute
    cursor.execute(statement, parameters)
E   sqlalchemy.exc.ProgrammingError: (psycopg2.errors.UndefinedColumn) column "online" of relation "instance" does not exist
E   LINE 1: ..., inbox, shared_inbox, outbox, software, version, online, go...
E                                                                ^
E   
E   [SQL: INSERT INTO instance (domain, inbox, shared_inbox, outbox, software, version, online, gone_forever, dormant, trust_level, nodeinfo_href, post_count, user_count, last_seen, last_successful_contact, last_failed_contact, failures, most_recent_attempt, created_at, updated_at) VALUES (%(domain)s, %(inbox)s, %(shared_inbox)s, %(outbox)s, %(software)s, %(version)s, %(online)s, %(gone_forever)s, %(dormant)s, %(trust_level)s, %(nodeinfo_href)s, %(post_count)s, %(user_count)s, %(last_seen)s, %(last_successful_contact)s, %(last_failed_contact)s, %(failures)s, %(most_recent_attempt)s, %(created_at)s, %(updated_at)s) RETURNING instance.id]
E   [parameters: {'domain': 'test.instance', 'inbox': None, 'shared_inbox': None, 'outbox': None, 'software': 'pyfedi', 'version': None, 'online': True, 'gone_forever': False, 'dormant': False, 'trust_level': 0.0, 'nodeinfo_href': None, 'post_count': 0, 'user_count': 0, 'last_seen': None, 'last_successful_contact': None, 'last_failed_contact': None, 'failures': 0, 'most_recent_attempt': None, 'created_at': datetime.datetime(2025, 8, 1, 22, 29, 19, 343581), 'updated_at': None}]
E   (Background on this error at: https://sqlalche.me/e/20/f405)</error></testcase><testcase classname="tests.test_activitypub_routes.TestInboxRoutes" name="test_community_inbox" time="0.003"><error message="failed on setup with &quot;sqlalchemy.exc.ProgrammingError: (psycopg2.errors.UndefinedColumn) column &quot;online&quot; of relation &quot;instance&quot; does not exist&#10;LINE 1: ..., inbox, shared_inbox, outbox, software, version, online, go...&#10;                                                             ^&#10;&#10;[SQL: INSERT INTO instance (domain, inbox, shared_inbox, outbox, software, version, online, gone_forever, dormant, trust_level, nodeinfo_href, post_count, user_count, last_seen, last_successful_contact, last_failed_contact, failures, most_recent_attempt, created_at, updated_at) VALUES (%(domain)s, %(inbox)s, %(shared_inbox)s, %(outbox)s, %(software)s, %(version)s, %(online)s, %(gone_forever)s, %(dormant)s, %(trust_level)s, %(nodeinfo_href)s, %(post_count)s, %(user_count)s, %(last_seen)s, %(last_successful_contact)s, %(last_failed_contact)s, %(failures)s, %(most_recent_attempt)s, %(created_at)s, %(updated_at)s) RETURNING instance.id]&#10;[parameters: {'domain': 'test.instance', 'inbox': None, 'shared_inbox': None, 'outbox': None, 'software': 'pyfedi', 'version': None, 'online': True, 'gone_forever': False, 'dormant': False, 'trust_level': 0.0, 'nodeinfo_href': None, 'post_count': 0, 'user_count': 0, 'last_seen': None, 'last_successful_contact': None, 'last_failed_contact': None, 'failures': 0, 'most_recent_attempt': None, 'created_at': datetime.datetime(2025, 8, 1, 22, 29, 19, 746494), 'updated_at': None}]&#10;(Background on this error at: https://sqlalche.me/e/20/f405)&quot;">/usr/local/lib/python3.13/site-packages/sqlalchemy/engine/base.py:1963: in _exec_single_context
    self.dialect.do_execute(
/usr/local/lib/python3.13/site-packages/sqlalchemy/engine/default.py:943: in do_execute
    cursor.execute(statement, parameters)
E   psycopg2.errors.UndefinedColumn: column "online" of relation "instance" does not exist
E   LINE 1: ..., inbox, shared_inbox, outbox, software, version, online, go...
E                                                                ^

The above exception was the direct cause of the following exception:
/Users/michael/code/pyfedi/tests/conftest.py:106: in test_instance
    ???
/usr/local/lib/python3.13/site-packages/sqlalchemy/orm/scoping.py:599: in commit
    return self._proxied.commit()
           ^^^^^^^^^^^^^^^^^^^^^^
/usr/local/lib/python3.13/site-packages/sqlalchemy/orm/session.py:2032: in commit
    trans.commit(_to_root=True)
/usr/local/lib/python3.13/site-packages/sqlalchemy/orm/state_changes.py:139: in _go
    ret_value = fn(self, *arg, **kw)
                ^^^^^^^^^^^^^^^^^^^^
/usr/local/lib/python3.13/site-packages/sqlalchemy/orm/session.py:1313: in commit
    self._prepare_impl()
/usr/local/lib/python3.13/site-packages/sqlalchemy/orm/state_changes.py:139: in _go
    ret_value = fn(self, *arg, **kw)
                ^^^^^^^^^^^^^^^^^^^^
/usr/local/lib/python3.13/site-packages/sqlalchemy/orm/session.py:1288: in _prepare_impl
    self.session.flush()
/usr/local/lib/python3.13/site-packages/sqlalchemy/orm/session.py:4345: in flush
    self._flush(objects)
/usr/local/lib/python3.13/site-packages/sqlalchemy/orm/session.py:4480: in _flush
    with util.safe_reraise():
         ^^^^^^^^^^^^^^^^^^^
/usr/local/lib/python3.13/site-packages/sqlalchemy/util/langhelpers.py:224: in __exit__
    raise exc_value.with_traceback(exc_tb)
/usr/local/lib/python3.13/site-packages/sqlalchemy/orm/session.py:4441: in _flush
    flush_context.execute()
/usr/local/lib/python3.13/site-packages/sqlalchemy/orm/unitofwork.py:466: in execute
    rec.execute(self)
/usr/local/lib/python3.13/site-packages/sqlalchemy/orm/unitofwork.py:642: in execute
    util.preloaded.orm_persistence.save_obj(
/usr/local/lib/python3.13/site-packages/sqlalchemy/orm/persistence.py:93: in save_obj
    _emit_insert_statements(
/usr/local/lib/python3.13/site-packages/sqlalchemy/orm/persistence.py:1233: in _emit_insert_statements
    result = connection.execute(
/usr/local/lib/python3.13/site-packages/sqlalchemy/engine/base.py:1415: in execute
    return meth(
/usr/local/lib/python3.13/site-packages/sqlalchemy/sql/elements.py:523: in _execute_on_connection
    return connection._execute_clauseelement(
/usr/local/lib/python3.13/site-packages/sqlalchemy/engine/base.py:1637: in _execute_clauseelement
    ret = self._execute_context(
/usr/local/lib/python3.13/site-packages/sqlalchemy/engine/base.py:1842: in _execute_context
    return self._exec_single_context(
/usr/local/lib/python3.13/site-packages/sqlalchemy/engine/base.py:1982: in _exec_single_context
    self._handle_dbapi_exception(
/usr/local/lib/python3.13/site-packages/sqlalchemy/engine/base.py:2351: in _handle_dbapi_exception
    raise sqlalchemy_exception.with_traceback(exc_info[2]) from e
/usr/local/lib/python3.13/site-packages/sqlalchemy/engine/base.py:1963: in _exec_single_context
    self.dialect.do_execute(
/usr/local/lib/python3.13/site-packages/sqlalchemy/engine/default.py:943: in do_execute
    cursor.execute(statement, parameters)
E   sqlalchemy.exc.ProgrammingError: (psycopg2.errors.UndefinedColumn) column "online" of relation "instance" does not exist
E   LINE 1: ..., inbox, shared_inbox, outbox, software, version, online, go...
E                                                                ^
E   
E   [SQL: INSERT INTO instance (domain, inbox, shared_inbox, outbox, software, version, online, gone_forever, dormant, trust_level, nodeinfo_href, post_count, user_count, last_seen, last_successful_contact, last_failed_contact, failures, most_recent_attempt, created_at, updated_at) VALUES (%(domain)s, %(inbox)s, %(shared_inbox)s, %(outbox)s, %(software)s, %(version)s, %(online)s, %(gone_forever)s, %(dormant)s, %(trust_level)s, %(nodeinfo_href)s, %(post_count)s, %(user_count)s, %(last_seen)s, %(last_successful_contact)s, %(last_failed_contact)s, %(failures)s, %(most_recent_attempt)s, %(created_at)s, %(updated_at)s) RETURNING instance.id]
E   [parameters: {'domain': 'test.instance', 'inbox': None, 'shared_inbox': None, 'outbox': None, 'software': 'pyfedi', 'version': None, 'online': True, 'gone_forever': False, 'dormant': False, 'trust_level': 0.0, 'nodeinfo_href': None, 'post_count': 0, 'user_count': 0, 'last_seen': None, 'last_successful_contact': None, 'last_failed_contact': None, 'failures': 0, 'most_recent_attempt': None, 'created_at': datetime.datetime(2025, 8, 1, 22, 29, 19, 746494), 'updated_at': None}]
E   (Background on this error at: https://sqlalche.me/e/20/f405)</error></testcase><testcase classname="tests.test_activitypub_routes.TestOutboxRoutes" name="test_user_outbox_get" time="0.003"><error message="failed on setup with &quot;sqlalchemy.exc.ProgrammingError: (psycopg2.errors.UndefinedColumn) column &quot;online&quot; of relation &quot;instance&quot; does not exist&#10;LINE 1: ..., inbox, shared_inbox, outbox, software, version, online, go...&#10;                                                             ^&#10;&#10;[SQL: INSERT INTO instance (domain, inbox, shared_inbox, outbox, software, version, online, gone_forever, dormant, trust_level, nodeinfo_href, post_count, user_count, last_seen, last_successful_contact, last_failed_contact, failures, most_recent_attempt, created_at, updated_at) VALUES (%(domain)s, %(inbox)s, %(shared_inbox)s, %(outbox)s, %(software)s, %(version)s, %(online)s, %(gone_forever)s, %(dormant)s, %(trust_level)s, %(nodeinfo_href)s, %(post_count)s, %(user_count)s, %(last_seen)s, %(last_successful_contact)s, %(last_failed_contact)s, %(failures)s, %(most_recent_attempt)s, %(created_at)s, %(updated_at)s) RETURNING instance.id]&#10;[parameters: {'domain': 'test.instance', 'inbox': None, 'shared_inbox': None, 'outbox': None, 'software': 'pyfedi', 'version': None, 'online': True, 'gone_forever': False, 'dormant': False, 'trust_level': 0.0, 'nodeinfo_href': None, 'post_count': 0, 'user_count': 0, 'last_seen': None, 'last_successful_contact': None, 'last_failed_contact': None, 'failures': 0, 'most_recent_attempt': None, 'created_at': datetime.datetime(2025, 8, 1, 22, 29, 20, 106371), 'updated_at': None}]&#10;(Background on this error at: https://sqlalche.me/e/20/f405)&quot;">/usr/local/lib/python3.13/site-packages/sqlalchemy/engine/base.py:1963: in _exec_single_context
    self.dialect.do_execute(
/usr/local/lib/python3.13/site-packages/sqlalchemy/engine/default.py:943: in do_execute
    cursor.execute(statement, parameters)
E   psycopg2.errors.UndefinedColumn: column "online" of relation "instance" does not exist
E   LINE 1: ..., inbox, shared_inbox, outbox, software, version, online, go...
E                                                                ^

The above exception was the direct cause of the following exception:
/Users/michael/code/pyfedi/tests/conftest.py:106: in test_instance
    ???
/usr/local/lib/python3.13/site-packages/sqlalchemy/orm/scoping.py:599: in commit
    return self._proxied.commit()
           ^^^^^^^^^^^^^^^^^^^^^^
/usr/local/lib/python3.13/site-packages/sqlalchemy/orm/session.py:2032: in commit
    trans.commit(_to_root=True)
/usr/local/lib/python3.13/site-packages/sqlalchemy/orm/state_changes.py:139: in _go
    ret_value = fn(self, *arg, **kw)
                ^^^^^^^^^^^^^^^^^^^^
/usr/local/lib/python3.13/site-packages/sqlalchemy/orm/session.py:1313: in commit
    self._prepare_impl()
/usr/local/lib/python3.13/site-packages/sqlalchemy/orm/state_changes.py:139: in _go
    ret_value = fn(self, *arg, **kw)
                ^^^^^^^^^^^^^^^^^^^^
/usr/local/lib/python3.13/site-packages/sqlalchemy/orm/session.py:1288: in _prepare_impl
    self.session.flush()
/usr/local/lib/python3.13/site-packages/sqlalchemy/orm/session.py:4345: in flush
    self._flush(objects)
/usr/local/lib/python3.13/site-packages/sqlalchemy/orm/session.py:4480: in _flush
    with util.safe_reraise():
         ^^^^^^^^^^^^^^^^^^^
/usr/local/lib/python3.13/site-packages/sqlalchemy/util/langhelpers.py:224: in __exit__
    raise exc_value.with_traceback(exc_tb)
/usr/local/lib/python3.13/site-packages/sqlalchemy/orm/session.py:4441: in _flush
    flush_context.execute()
/usr/local/lib/python3.13/site-packages/sqlalchemy/orm/unitofwork.py:466: in execute
    rec.execute(self)
/usr/local/lib/python3.13/site-packages/sqlalchemy/orm/unitofwork.py:642: in execute
    util.preloaded.orm_persistence.save_obj(
/usr/local/lib/python3.13/site-packages/sqlalchemy/orm/persistence.py:93: in save_obj
    _emit_insert_statements(
/usr/local/lib/python3.13/site-packages/sqlalchemy/orm/persistence.py:1233: in _emit_insert_statements
    result = connection.execute(
/usr/local/lib/python3.13/site-packages/sqlalchemy/engine/base.py:1415: in execute
    return meth(
/usr/local/lib/python3.13/site-packages/sqlalchemy/sql/elements.py:523: in _execute_on_connection
    return connection._execute_clauseelement(
/usr/local/lib/python3.13/site-packages/sqlalchemy/engine/base.py:1637: in _execute_clauseelement
    ret = self._execute_context(
/usr/local/lib/python3.13/site-packages/sqlalchemy/engine/base.py:1842: in _execute_context
    return self._exec_single_context(
/usr/local/lib/python3.13/site-packages/sqlalchemy/engine/base.py:1982: in _exec_single_context
    self._handle_dbapi_exception(
/usr/local/lib/python3.13/site-packages/sqlalchemy/engine/base.py:2351: in _handle_dbapi_exception
    raise sqlalchemy_exception.with_traceback(exc_info[2]) from e
/usr/local/lib/python3.13/site-packages/sqlalchemy/engine/base.py:1963: in _exec_single_context
    self.dialect.do_execute(
/usr/local/lib/python3.13/site-packages/sqlalchemy/engine/default.py:943: in do_execute
    cursor.execute(statement, parameters)
E   sqlalchemy.exc.ProgrammingError: (psycopg2.errors.UndefinedColumn) column "online" of relation "instance" does not exist
E   LINE 1: ..., inbox, shared_inbox, outbox, software, version, online, go...
E                                                                ^
E   
E   [SQL: INSERT INTO instance (domain, inbox, shared_inbox, outbox, software, version, online, gone_forever, dormant, trust_level, nodeinfo_href, post_count, user_count, last_seen, last_successful_contact, last_failed_contact, failures, most_recent_attempt, created_at, updated_at) VALUES (%(domain)s, %(inbox)s, %(shared_inbox)s, %(outbox)s, %(software)s, %(version)s, %(online)s, %(gone_forever)s, %(dormant)s, %(trust_level)s, %(nodeinfo_href)s, %(post_count)s, %(user_count)s, %(last_seen)s, %(last_successful_contact)s, %(last_failed_contact)s, %(failures)s, %(most_recent_attempt)s, %(created_at)s, %(updated_at)s) RETURNING instance.id]
E   [parameters: {'domain': 'test.instance', 'inbox': None, 'shared_inbox': None, 'outbox': None, 'software': 'pyfedi', 'version': None, 'online': True, 'gone_forever': False, 'dormant': False, 'trust_level': 0.0, 'nodeinfo_href': None, 'post_count': 0, 'user_count': 0, 'last_seen': None, 'last_successful_contact': None, 'last_failed_contact': None, 'failures': 0, 'most_recent_attempt': None, 'created_at': datetime.datetime(2025, 8, 1, 22, 29, 20, 106371), 'updated_at': None}]
E   (Background on this error at: https://sqlalche.me/e/20/f405)</error></testcase><testcase classname="tests.test_activitypub_routes.TestOutboxRoutes" name="test_user_outbox_paged" time="0.003"><error message="failed on setup with &quot;sqlalchemy.exc.ProgrammingError: (psycopg2.errors.UndefinedColumn) column &quot;online&quot; of relation &quot;instance&quot; does not exist&#10;LINE 1: ..., inbox, shared_inbox, outbox, software, version, online, go...&#10;                                                             ^&#10;&#10;[SQL: INSERT INTO instance (domain, inbox, shared_inbox, outbox, software, version, online, gone_forever, dormant, trust_level, nodeinfo_href, post_count, user_count, last_seen, last_successful_contact, last_failed_contact, failures, most_recent_attempt, created_at, updated_at) VALUES (%(domain)s, %(inbox)s, %(shared_inbox)s, %(outbox)s, %(software)s, %(version)s, %(online)s, %(gone_forever)s, %(dormant)s, %(trust_level)s, %(nodeinfo_href)s, %(post_count)s, %(user_count)s, %(last_seen)s, %(last_successful_contact)s, %(last_failed_contact)s, %(failures)s, %(most_recent_attempt)s, %(created_at)s, %(updated_at)s) RETURNING instance.id]&#10;[parameters: {'domain': 'test.instance', 'inbox': None, 'shared_inbox': None, 'outbox': None, 'software': 'pyfedi', 'version': None, 'online': True, 'gone_forever': False, 'dormant': False, 'trust_level': 0.0, 'nodeinfo_href': None, 'post_count': 0, 'user_count': 0, 'last_seen': None, 'last_successful_contact': None, 'last_failed_contact': None, 'failures': 0, 'most_recent_attempt': None, 'created_at': datetime.datetime(2025, 8, 1, 22, 29, 20, 459777), 'updated_at': None}]&#10;(Background on this error at: https://sqlalche.me/e/20/f405)&quot;">/usr/local/lib/python3.13/site-packages/sqlalchemy/engine/base.py:1963: in _exec_single_context
    self.dialect.do_execute(
/usr/local/lib/python3.13/site-packages/sqlalchemy/engine/default.py:943: in do_execute
    cursor.execute(statement, parameters)
E   psycopg2.errors.UndefinedColumn: column "online" of relation "instance" does not exist
E   LINE 1: ..., inbox, shared_inbox, outbox, software, version, online, go...
E                                                                ^

The above exception was the direct cause of the following exception:
/Users/michael/code/pyfedi/tests/conftest.py:106: in test_instance
    ???
/usr/local/lib/python3.13/site-packages/sqlalchemy/orm/scoping.py:599: in commit
    return self._proxied.commit()
           ^^^^^^^^^^^^^^^^^^^^^^
/usr/local/lib/python3.13/site-packages/sqlalchemy/orm/session.py:2032: in commit
    trans.commit(_to_root=True)
/usr/local/lib/python3.13/site-packages/sqlalchemy/orm/state_changes.py:139: in _go
    ret_value = fn(self, *arg, **kw)
                ^^^^^^^^^^^^^^^^^^^^
/usr/local/lib/python3.13/site-packages/sqlalchemy/orm/session.py:1313: in commit
    self._prepare_impl()
/usr/local/lib/python3.13/site-packages/sqlalchemy/orm/state_changes.py:139: in _go
    ret_value = fn(self, *arg, **kw)
                ^^^^^^^^^^^^^^^^^^^^
/usr/local/lib/python3.13/site-packages/sqlalchemy/orm/session.py:1288: in _prepare_impl
    self.session.flush()
/usr/local/lib/python3.13/site-packages/sqlalchemy/orm/session.py:4345: in flush
    self._flush(objects)
/usr/local/lib/python3.13/site-packages/sqlalchemy/orm/session.py:4480: in _flush
    with util.safe_reraise():
         ^^^^^^^^^^^^^^^^^^^
/usr/local/lib/python3.13/site-packages/sqlalchemy/util/langhelpers.py:224: in __exit__
    raise exc_value.with_traceback(exc_tb)
/usr/local/lib/python3.13/site-packages/sqlalchemy/orm/session.py:4441: in _flush
    flush_context.execute()
/usr/local/lib/python3.13/site-packages/sqlalchemy/orm/unitofwork.py:466: in execute
    rec.execute(self)
/usr/local/lib/python3.13/site-packages/sqlalchemy/orm/unitofwork.py:642: in execute
    util.preloaded.orm_persistence.save_obj(
/usr/local/lib/python3.13/site-packages/sqlalchemy/orm/persistence.py:93: in save_obj
    _emit_insert_statements(
/usr/local/lib/python3.13/site-packages/sqlalchemy/orm/persistence.py:1233: in _emit_insert_statements
    result = connection.execute(
/usr/local/lib/python3.13/site-packages/sqlalchemy/engine/base.py:1415: in execute
    return meth(
/usr/local/lib/python3.13/site-packages/sqlalchemy/sql/elements.py:523: in _execute_on_connection
    return connection._execute_clauseelement(
/usr/local/lib/python3.13/site-packages/sqlalchemy/engine/base.py:1637: in _execute_clauseelement
    ret = self._execute_context(
/usr/local/lib/python3.13/site-packages/sqlalchemy/engine/base.py:1842: in _execute_context
    return self._exec_single_context(
/usr/local/lib/python3.13/site-packages/sqlalchemy/engine/base.py:1982: in _exec_single_context
    self._handle_dbapi_exception(
/usr/local/lib/python3.13/site-packages/sqlalchemy/engine/base.py:2351: in _handle_dbapi_exception
    raise sqlalchemy_exception.with_traceback(exc_info[2]) from e
/usr/local/lib/python3.13/site-packages/sqlalchemy/engine/base.py:1963: in _exec_single_context
    self.dialect.do_execute(
/usr/local/lib/python3.13/site-packages/sqlalchemy/engine/default.py:943: in do_execute
    cursor.execute(statement, parameters)
E   sqlalchemy.exc.ProgrammingError: (psycopg2.errors.UndefinedColumn) column "online" of relation "instance" does not exist
E   LINE 1: ..., inbox, shared_inbox, outbox, software, version, online, go...
E                                                                ^
E   
E   [SQL: INSERT INTO instance (domain, inbox, shared_inbox, outbox, software, version, online, gone_forever, dormant, trust_level, nodeinfo_href, post_count, user_count, last_seen, last_successful_contact, last_failed_contact, failures, most_recent_attempt, created_at, updated_at) VALUES (%(domain)s, %(inbox)s, %(shared_inbox)s, %(outbox)s, %(software)s, %(version)s, %(online)s, %(gone_forever)s, %(dormant)s, %(trust_level)s, %(nodeinfo_href)s, %(post_count)s, %(user_count)s, %(last_seen)s, %(last_successful_contact)s, %(last_failed_contact)s, %(failures)s, %(most_recent_attempt)s, %(created_at)s, %(updated_at)s) RETURNING instance.id]
E   [parameters: {'domain': 'test.instance', 'inbox': None, 'shared_inbox': None, 'outbox': None, 'software': 'pyfedi', 'version': None, 'online': True, 'gone_forever': False, 'dormant': False, 'trust_level': 0.0, 'nodeinfo_href': None, 'post_count': 0, 'user_count': 0, 'last_seen': None, 'last_successful_contact': None, 'last_failed_contact': None, 'failures': 0, 'most_recent_attempt': None, 'created_at': datetime.datetime(2025, 8, 1, 22, 29, 20, 459777), 'updated_at': None}]
E   (Background on this error at: https://sqlalche.me/e/20/f405)</error></testcase><testcase classname="tests.test_activitypub_routes.TestOutboxRoutes" name="test_community_outbox" time="0.003"><error message="failed on setup with &quot;sqlalchemy.exc.ProgrammingError: (psycopg2.errors.UndefinedColumn) column &quot;online&quot; of relation &quot;instance&quot; does not exist&#10;LINE 1: ..., inbox, shared_inbox, outbox, software, version, online, go...&#10;                                                             ^&#10;&#10;[SQL: INSERT INTO instance (domain, inbox, shared_inbox, outbox, software, version, online, gone_forever, dormant, trust_level, nodeinfo_href, post_count, user_count, last_seen, last_successful_contact, last_failed_contact, failures, most_recent_attempt, created_at, updated_at) VALUES (%(domain)s, %(inbox)s, %(shared_inbox)s, %(outbox)s, %(software)s, %(version)s, %(online)s, %(gone_forever)s, %(dormant)s, %(trust_level)s, %(nodeinfo_href)s, %(post_count)s, %(user_count)s, %(last_seen)s, %(last_successful_contact)s, %(last_failed_contact)s, %(failures)s, %(most_recent_attempt)s, %(created_at)s, %(updated_at)s) RETURNING instance.id]&#10;[parameters: {'domain': 'test.instance', 'inbox': None, 'shared_inbox': None, 'outbox': None, 'software': 'pyfedi', 'version': None, 'online': True, 'gone_forever': False, 'dormant': False, 'trust_level': 0.0, 'nodeinfo_href': None, 'post_count': 0, 'user_count': 0, 'last_seen': None, 'last_successful_contact': None, 'last_failed_contact': None, 'failures': 0, 'most_recent_attempt': None, 'created_at': datetime.datetime(2025, 8, 1, 22, 29, 20, 813121), 'updated_at': None}]&#10;(Background on this error at: https://sqlalche.me/e/20/f405)&quot;">/usr/local/lib/python3.13/site-packages/sqlalchemy/engine/base.py:1963: in _exec_single_context
    self.dialect.do_execute(
/usr/local/lib/python3.13/site-packages/sqlalchemy/engine/default.py:943: in do_execute
    cursor.execute(statement, parameters)
E   psycopg2.errors.UndefinedColumn: column "online" of relation "instance" does not exist
E   LINE 1: ..., inbox, shared_inbox, outbox, software, version, online, go...
E                                                                ^

The above exception was the direct cause of the following exception:
/Users/michael/code/pyfedi/tests/conftest.py:106: in test_instance
    ???
/usr/local/lib/python3.13/site-packages/sqlalchemy/orm/scoping.py:599: in commit
    return self._proxied.commit()
           ^^^^^^^^^^^^^^^^^^^^^^
/usr/local/lib/python3.13/site-packages/sqlalchemy/orm/session.py:2032: in commit
    trans.commit(_to_root=True)
/usr/local/lib/python3.13/site-packages/sqlalchemy/orm/state_changes.py:139: in _go
    ret_value = fn(self, *arg, **kw)
                ^^^^^^^^^^^^^^^^^^^^
/usr/local/lib/python3.13/site-packages/sqlalchemy/orm/session.py:1313: in commit
    self._prepare_impl()
/usr/local/lib/python3.13/site-packages/sqlalchemy/orm/state_changes.py:139: in _go
    ret_value = fn(self, *arg, **kw)
                ^^^^^^^^^^^^^^^^^^^^
/usr/local/lib/python3.13/site-packages/sqlalchemy/orm/session.py:1288: in _prepare_impl
    self.session.flush()
/usr/local/lib/python3.13/site-packages/sqlalchemy/orm/session.py:4345: in flush
    self._flush(objects)
/usr/local/lib/python3.13/site-packages/sqlalchemy/orm/session.py:4480: in _flush
    with util.safe_reraise():
         ^^^^^^^^^^^^^^^^^^^
/usr/local/lib/python3.13/site-packages/sqlalchemy/util/langhelpers.py:224: in __exit__
    raise exc_value.with_traceback(exc_tb)
/usr/local/lib/python3.13/site-packages/sqlalchemy/orm/session.py:4441: in _flush
    flush_context.execute()
/usr/local/lib/python3.13/site-packages/sqlalchemy/orm/unitofwork.py:466: in execute
    rec.execute(self)
/usr/local/lib/python3.13/site-packages/sqlalchemy/orm/unitofwork.py:642: in execute
    util.preloaded.orm_persistence.save_obj(
/usr/local/lib/python3.13/site-packages/sqlalchemy/orm/persistence.py:93: in save_obj
    _emit_insert_statements(
/usr/local/lib/python3.13/site-packages/sqlalchemy/orm/persistence.py:1233: in _emit_insert_statements
    result = connection.execute(
/usr/local/lib/python3.13/site-packages/sqlalchemy/engine/base.py:1415: in execute
    return meth(
/usr/local/lib/python3.13/site-packages/sqlalchemy/sql/elements.py:523: in _execute_on_connection
    return connection._execute_clauseelement(
/usr/local/lib/python3.13/site-packages/sqlalchemy/engine/base.py:1637: in _execute_clauseelement
    ret = self._execute_context(
/usr/local/lib/python3.13/site-packages/sqlalchemy/engine/base.py:1842: in _execute_context
    return self._exec_single_context(
/usr/local/lib/python3.13/site-packages/sqlalchemy/engine/base.py:1982: in _exec_single_context
    self._handle_dbapi_exception(
/usr/local/lib/python3.13/site-packages/sqlalchemy/engine/base.py:2351: in _handle_dbapi_exception
    raise sqlalchemy_exception.with_traceback(exc_info[2]) from e
/usr/local/lib/python3.13/site-packages/sqlalchemy/engine/base.py:1963: in _exec_single_context
    self.dialect.do_execute(
/usr/local/lib/python3.13/site-packages/sqlalchemy/engine/default.py:943: in do_execute
    cursor.execute(statement, parameters)
E   sqlalchemy.exc.ProgrammingError: (psycopg2.errors.UndefinedColumn) column "online" of relation "instance" does not exist
E   LINE 1: ..., inbox, shared_inbox, outbox, software, version, online, go...
E                                                                ^
E   
E   [SQL: INSERT INTO instance (domain, inbox, shared_inbox, outbox, software, version, online, gone_forever, dormant, trust_level, nodeinfo_href, post_count, user_count, last_seen, last_successful_contact, last_failed_contact, failures, most_recent_attempt, created_at, updated_at) VALUES (%(domain)s, %(inbox)s, %(shared_inbox)s, %(outbox)s, %(software)s, %(version)s, %(online)s, %(gone_forever)s, %(dormant)s, %(trust_level)s, %(nodeinfo_href)s, %(post_count)s, %(user_count)s, %(last_seen)s, %(last_successful_contact)s, %(last_failed_contact)s, %(failures)s, %(most_recent_attempt)s, %(created_at)s, %(updated_at)s) RETURNING instance.id]
E   [parameters: {'domain': 'test.instance', 'inbox': None, 'shared_inbox': None, 'outbox': None, 'software': 'pyfedi', 'version': None, 'online': True, 'gone_forever': False, 'dormant': False, 'trust_level': 0.0, 'nodeinfo_href': None, 'post_count': 0, 'user_count': 0, 'last_seen': None, 'last_successful_contact': None, 'last_failed_contact': None, 'failures': 0, 'most_recent_attempt': None, 'created_at': datetime.datetime(2025, 8, 1, 22, 29, 20, 813121), 'updated_at': None}]
E   (Background on this error at: https://sqlalche.me/e/20/f405)</error></testcase><testcase classname="tests.test_activitypub_routes.TestObjectRoutes" name="test_post_object" time="0.001"><error message="failed on setup with &quot;file /Users/michael/code/pyfedi/tests/test_activitypub_routes.py, line 199: source code not available&#10;E       fixture 'test_post' not found&#10;&gt;       available fixtures: _configure_application, _db, _monkeypatch_response_class, _push_request_context, _session_event_loop, _session_faker, accept_any, accept_json, accept_jsonp, accept_mimetype, admin_user, anyio_backend, anyio_backend_name, anyio_backend_options, ap_actor_data, ap_create_activity, app, async_session, auth_headers, cache, capfd, capfdbinary, caplog, capsys, capsysbinary, capteesys, class_mocker, cleanup, client, client_class, config, cov, db_session, doctest_namespace, event_loop, event_loop_policy, faker, free_tcp_port, free_tcp_port_factory, free_udp_port, free_udp_port_factory, live_server, mock_httpx, mocker, module_mocker, monkeypatch, no_cover, package_mocker, pytestconfig, record_property, record_testsuite_property, record_xml_attribute, recwarn, redis_client, session, session_mocker, test_community, test_instance, test_user, tests/test_activitypub_routes.py::&lt;event_loop&gt;, tests/test_activitypub_routes.py::TestObjectRoutes::&lt;event_loop&gt;, tests::&lt;event_loop&gt;, tmp_path, tmp_path_factory, tmpdir, tmpdir_factory, unused_tcp_port, unused_tcp_port_factory, unused_udp_port, unused_udp_port_factory&#10;&gt;       use 'pytest --fixtures [testpath]' for help on them.&#10;&#10;/Users/michael/code/pyfedi/tests/test_activitypub_routes.py:199&quot;">file /Users/michael/code/pyfedi/tests/test_activitypub_routes.py, line 199: source code not available
E       fixture 'test_post' not found
&gt;       available fixtures: _configure_application, _db, _monkeypatch_response_class, _push_request_context, _session_event_loop, _session_faker, accept_any, accept_json, accept_jsonp, accept_mimetype, admin_user, anyio_backend, anyio_backend_name, anyio_backend_options, ap_actor_data, ap_create_activity, app, async_session, auth_headers, cache, capfd, capfdbinary, caplog, capsys, capsysbinary, capteesys, class_mocker, cleanup, client, client_class, config, cov, db_session, doctest_namespace, event_loop, event_loop_policy, faker, free_tcp_port, free_tcp_port_factory, free_udp_port, free_udp_port_factory, live_server, mock_httpx, mocker, module_mocker, monkeypatch, no_cover, package_mocker, pytestconfig, record_property, record_testsuite_property, record_xml_attribute, recwarn, redis_client, session, session_mocker, test_community, test_instance, test_user, tests/test_activitypub_routes.py::&lt;event_loop&gt;, tests/test_activitypub_routes.py::TestObjectRoutes::&lt;event_loop&gt;, tests::&lt;event_loop&gt;, tmp_path, tmp_path_factory, tmpdir, tmpdir_factory, unused_tcp_port, unused_tcp_port_factory, unused_udp_port, unused_udp_port_factory
&gt;       use 'pytest --fixtures [testpath]' for help on them.

/Users/michael/code/pyfedi/tests/test_activitypub_routes.py:199</error></testcase><testcase classname="tests.test_activitypub_routes.TestObjectRoutes" name="test_comment_object" time="0.001"><error message="failed on setup with &quot;file /Users/michael/code/pyfedi/tests/test_activitypub_routes.py, line 210: source code not available&#10;E       fixture 'test_post' not found&#10;&gt;       available fixtures: _configure_application, _db, _monkeypatch_response_class, _push_request_context, _session_event_loop, _session_faker, accept_any, accept_json, accept_jsonp, accept_mimetype, admin_user, anyio_backend, anyio_backend_name, anyio_backend_options, ap_actor_data, ap_create_activity, app, async_session, auth_headers, cache, capfd, capfdbinary, caplog, capsys, capsysbinary, capteesys, class_mocker, cleanup, client, client_class, config, cov, db_session, doctest_namespace, event_loop, event_loop_policy, faker, free_tcp_port, free_tcp_port_factory, free_udp_port, free_udp_port_factory, live_server, mock_httpx, mocker, module_mocker, monkeypatch, no_cover, package_mocker, pytestconfig, record_property, record_testsuite_property, record_xml_attribute, recwarn, redis_client, session, session_mocker, test_community, test_instance, test_user, tests/test_activitypub_routes.py::&lt;event_loop&gt;, tests/test_activitypub_routes.py::TestObjectRoutes::&lt;event_loop&gt;, tests::&lt;event_loop&gt;, tmp_path, tmp_path_factory, tmpdir, tmpdir_factory, unused_tcp_port, unused_tcp_port_factory, unused_udp_port, unused_udp_port_factory&#10;&gt;       use 'pytest --fixtures [testpath]' for help on them.&#10;&#10;/Users/michael/code/pyfedi/tests/test_activitypub_routes.py:210&quot;">file /Users/michael/code/pyfedi/tests/test_activitypub_routes.py, line 210: source code not available
E       fixture 'test_post' not found
&gt;       available fixtures: _configure_application, _db, _monkeypatch_response_class, _push_request_context, _session_event_loop, _session_faker, accept_any, accept_json, accept_jsonp, accept_mimetype, admin_user, anyio_backend, anyio_backend_name, anyio_backend_options, ap_actor_data, ap_create_activity, app, async_session, auth_headers, cache, capfd, capfdbinary, caplog, capsys, capsysbinary, capteesys, class_mocker, cleanup, client, client_class, config, cov, db_session, doctest_namespace, event_loop, event_loop_policy, faker, free_tcp_port, free_tcp_port_factory, free_udp_port, free_udp_port_factory, live_server, mock_httpx, mocker, module_mocker, monkeypatch, no_cover, package_mocker, pytestconfig, record_property, record_testsuite_property, record_xml_attribute, recwarn, redis_client, session, session_mocker, test_community, test_instance, test_user, tests/test_activitypub_routes.py::&lt;event_loop&gt;, tests/test_activitypub_routes.py::TestObjectRoutes::&lt;event_loop&gt;, tests::&lt;event_loop&gt;, tmp_path, tmp_path_factory, tmpdir, tmpdir_factory, unused_tcp_port, unused_tcp_port_factory, unused_udp_port, unused_udp_port_factory
&gt;       use 'pytest --fixtures [testpath]' for help on them.

/Users/michael/code/pyfedi/tests/test_activitypub_routes.py:210</error></testcase><testcase classname="tests.test_activitypub_routes.TestCollectionRoutes" name="test_user_followers" time="0.002"><error message="failed on setup with &quot;sqlalchemy.exc.ProgrammingError: (psycopg2.errors.UndefinedColumn) column &quot;online&quot; of relation &quot;instance&quot; does not exist&#10;LINE 1: ..., inbox, shared_inbox, outbox, software, version, online, go...&#10;                                                             ^&#10;&#10;[SQL: INSERT INTO instance (domain, inbox, shared_inbox, outbox, software, version, online, gone_forever, dormant, trust_level, nodeinfo_href, post_count, user_count, last_seen, last_successful_contact, last_failed_contact, failures, most_recent_attempt, created_at, updated_at) VALUES (%(domain)s, %(inbox)s, %(shared_inbox)s, %(outbox)s, %(software)s, %(version)s, %(online)s, %(gone_forever)s, %(dormant)s, %(trust_level)s, %(nodeinfo_href)s, %(post_count)s, %(user_count)s, %(last_seen)s, %(last_successful_contact)s, %(last_failed_contact)s, %(failures)s, %(most_recent_attempt)s, %(created_at)s, %(updated_at)s) RETURNING instance.id]&#10;[parameters: {'domain': 'test.instance', 'inbox': None, 'shared_inbox': None, 'outbox': None, 'software': 'pyfedi', 'version': None, 'online': True, 'gone_forever': False, 'dormant': False, 'trust_level': 0.0, 'nodeinfo_href': None, 'post_count': 0, 'user_count': 0, 'last_seen': None, 'last_successful_contact': None, 'last_failed_contact': None, 'failures': 0, 'most_recent_attempt': None, 'created_at': datetime.datetime(2025, 8, 1, 22, 29, 21, 170664), 'updated_at': None}]&#10;(Background on this error at: https://sqlalche.me/e/20/f405)&quot;">/usr/local/lib/python3.13/site-packages/sqlalchemy/engine/base.py:1963: in _exec_single_context
    self.dialect.do_execute(
/usr/local/lib/python3.13/site-packages/sqlalchemy/engine/default.py:943: in do_execute
    cursor.execute(statement, parameters)
E   psycopg2.errors.UndefinedColumn: column "online" of relation "instance" does not exist
E   LINE 1: ..., inbox, shared_inbox, outbox, software, version, online, go...
E                                                                ^

The above exception was the direct cause of the following exception:
/Users/michael/code/pyfedi/tests/conftest.py:106: in test_instance
    ???
/usr/local/lib/python3.13/site-packages/sqlalchemy/orm/scoping.py:599: in commit
    return self._proxied.commit()
           ^^^^^^^^^^^^^^^^^^^^^^
/usr/local/lib/python3.13/site-packages/sqlalchemy/orm/session.py:2032: in commit
    trans.commit(_to_root=True)
/usr/local/lib/python3.13/site-packages/sqlalchemy/orm/state_changes.py:139: in _go
    ret_value = fn(self, *arg, **kw)
                ^^^^^^^^^^^^^^^^^^^^
/usr/local/lib/python3.13/site-packages/sqlalchemy/orm/session.py:1313: in commit
    self._prepare_impl()
/usr/local/lib/python3.13/site-packages/sqlalchemy/orm/state_changes.py:139: in _go
    ret_value = fn(self, *arg, **kw)
                ^^^^^^^^^^^^^^^^^^^^
/usr/local/lib/python3.13/site-packages/sqlalchemy/orm/session.py:1288: in _prepare_impl
    self.session.flush()
/usr/local/lib/python3.13/site-packages/sqlalchemy/orm/session.py:4345: in flush
    self._flush(objects)
/usr/local/lib/python3.13/site-packages/sqlalchemy/orm/session.py:4480: in _flush
    with util.safe_reraise():
         ^^^^^^^^^^^^^^^^^^^
/usr/local/lib/python3.13/site-packages/sqlalchemy/util/langhelpers.py:224: in __exit__
    raise exc_value.with_traceback(exc_tb)
/usr/local/lib/python3.13/site-packages/sqlalchemy/orm/session.py:4441: in _flush
    flush_context.execute()
/usr/local/lib/python3.13/site-packages/sqlalchemy/orm/unitofwork.py:466: in execute
    rec.execute(self)
/usr/local/lib/python3.13/site-packages/sqlalchemy/orm/unitofwork.py:642: in execute
    util.preloaded.orm_persistence.save_obj(
/usr/local/lib/python3.13/site-packages/sqlalchemy/orm/persistence.py:93: in save_obj
    _emit_insert_statements(
/usr/local/lib/python3.13/site-packages/sqlalchemy/orm/persistence.py:1233: in _emit_insert_statements
    result = connection.execute(
/usr/local/lib/python3.13/site-packages/sqlalchemy/engine/base.py:1415: in execute
    return meth(
/usr/local/lib/python3.13/site-packages/sqlalchemy/sql/elements.py:523: in _execute_on_connection
    return connection._execute_clauseelement(
/usr/local/lib/python3.13/site-packages/sqlalchemy/engine/base.py:1637: in _execute_clauseelement
    ret = self._execute_context(
/usr/local/lib/python3.13/site-packages/sqlalchemy/engine/base.py:1842: in _execute_context
    return self._exec_single_context(
/usr/local/lib/python3.13/site-packages/sqlalchemy/engine/base.py:1982: in _exec_single_context
    self._handle_dbapi_exception(
/usr/local/lib/python3.13/site-packages/sqlalchemy/engine/base.py:2351: in _handle_dbapi_exception
    raise sqlalchemy_exception.with_traceback(exc_info[2]) from e
/usr/local/lib/python3.13/site-packages/sqlalchemy/engine/base.py:1963: in _exec_single_context
    self.dialect.do_execute(
/usr/local/lib/python3.13/site-packages/sqlalchemy/engine/default.py:943: in do_execute
    cursor.execute(statement, parameters)
E   sqlalchemy.exc.ProgrammingError: (psycopg2.errors.UndefinedColumn) column "online" of relation "instance" does not exist
E   LINE 1: ..., inbox, shared_inbox, outbox, software, version, online, go...
E                                                                ^
E   
E   [SQL: INSERT INTO instance (domain, inbox, shared_inbox, outbox, software, version, online, gone_forever, dormant, trust_level, nodeinfo_href, post_count, user_count, last_seen, last_successful_contact, last_failed_contact, failures, most_recent_attempt, created_at, updated_at) VALUES (%(domain)s, %(inbox)s, %(shared_inbox)s, %(outbox)s, %(software)s, %(version)s, %(online)s, %(gone_forever)s, %(dormant)s, %(trust_level)s, %(nodeinfo_href)s, %(post_count)s, %(user_count)s, %(last_seen)s, %(last_successful_contact)s, %(last_failed_contact)s, %(failures)s, %(most_recent_attempt)s, %(created_at)s, %(updated_at)s) RETURNING instance.id]
E   [parameters: {'domain': 'test.instance', 'inbox': None, 'shared_inbox': None, 'outbox': None, 'software': 'pyfedi', 'version': None, 'online': True, 'gone_forever': False, 'dormant': False, 'trust_level': 0.0, 'nodeinfo_href': None, 'post_count': 0, 'user_count': 0, 'last_seen': None, 'last_successful_contact': None, 'last_failed_contact': None, 'failures': 0, 'most_recent_attempt': None, 'created_at': datetime.datetime(2025, 8, 1, 22, 29, 21, 170664), 'updated_at': None}]
E   (Background on this error at: https://sqlalche.me/e/20/f405)</error></testcase><testcase classname="tests.test_activitypub_routes.TestCollectionRoutes" name="test_user_following" time="0.002"><error message="failed on setup with &quot;sqlalchemy.exc.ProgrammingError: (psycopg2.errors.UndefinedColumn) column &quot;online&quot; of relation &quot;instance&quot; does not exist&#10;LINE 1: ..., inbox, shared_inbox, outbox, software, version, online, go...&#10;                                                             ^&#10;&#10;[SQL: INSERT INTO instance (domain, inbox, shared_inbox, outbox, software, version, online, gone_forever, dormant, trust_level, nodeinfo_href, post_count, user_count, last_seen, last_successful_contact, last_failed_contact, failures, most_recent_attempt, created_at, updated_at) VALUES (%(domain)s, %(inbox)s, %(shared_inbox)s, %(outbox)s, %(software)s, %(version)s, %(online)s, %(gone_forever)s, %(dormant)s, %(trust_level)s, %(nodeinfo_href)s, %(post_count)s, %(user_count)s, %(last_seen)s, %(last_successful_contact)s, %(last_failed_contact)s, %(failures)s, %(most_recent_attempt)s, %(created_at)s, %(updated_at)s) RETURNING instance.id]&#10;[parameters: {'domain': 'test.instance', 'inbox': None, 'shared_inbox': None, 'outbox': None, 'software': 'pyfedi', 'version': None, 'online': True, 'gone_forever': False, 'dormant': False, 'trust_level': 0.0, 'nodeinfo_href': None, 'post_count': 0, 'user_count': 0, 'last_seen': None, 'last_successful_contact': None, 'last_failed_contact': None, 'failures': 0, 'most_recent_attempt': None, 'created_at': datetime.datetime(2025, 8, 1, 22, 29, 21, 527018), 'updated_at': None}]&#10;(Background on this error at: https://sqlalche.me/e/20/f405)&quot;">/usr/local/lib/python3.13/site-packages/sqlalchemy/engine/base.py:1963: in _exec_single_context
    self.dialect.do_execute(
/usr/local/lib/python3.13/site-packages/sqlalchemy/engine/default.py:943: in do_execute
    cursor.execute(statement, parameters)
E   psycopg2.errors.UndefinedColumn: column "online" of relation "instance" does not exist
E   LINE 1: ..., inbox, shared_inbox, outbox, software, version, online, go...
E                                                                ^

The above exception was the direct cause of the following exception:
/Users/michael/code/pyfedi/tests/conftest.py:106: in test_instance
    ???
/usr/local/lib/python3.13/site-packages/sqlalchemy/orm/scoping.py:599: in commit
    return self._proxied.commit()
           ^^^^^^^^^^^^^^^^^^^^^^
/usr/local/lib/python3.13/site-packages/sqlalchemy/orm/session.py:2032: in commit
    trans.commit(_to_root=True)
/usr/local/lib/python3.13/site-packages/sqlalchemy/orm/state_changes.py:139: in _go
    ret_value = fn(self, *arg, **kw)
                ^^^^^^^^^^^^^^^^^^^^
/usr/local/lib/python3.13/site-packages/sqlalchemy/orm/session.py:1313: in commit
    self._prepare_impl()
/usr/local/lib/python3.13/site-packages/sqlalchemy/orm/state_changes.py:139: in _go
    ret_value = fn(self, *arg, **kw)
                ^^^^^^^^^^^^^^^^^^^^
/usr/local/lib/python3.13/site-packages/sqlalchemy/orm/session.py:1288: in _prepare_impl
    self.session.flush()
/usr/local/lib/python3.13/site-packages/sqlalchemy/orm/session.py:4345: in flush
    self._flush(objects)
/usr/local/lib/python3.13/site-packages/sqlalchemy/orm/session.py:4480: in _flush
    with util.safe_reraise():
         ^^^^^^^^^^^^^^^^^^^
/usr/local/lib/python3.13/site-packages/sqlalchemy/util/langhelpers.py:224: in __exit__
    raise exc_value.with_traceback(exc_tb)
/usr/local/lib/python3.13/site-packages/sqlalchemy/orm/session.py:4441: in _flush
    flush_context.execute()
/usr/local/lib/python3.13/site-packages/sqlalchemy/orm/unitofwork.py:466: in execute
    rec.execute(self)
/usr/local/lib/python3.13/site-packages/sqlalchemy/orm/unitofwork.py:642: in execute
    util.preloaded.orm_persistence.save_obj(
/usr/local/lib/python3.13/site-packages/sqlalchemy/orm/persistence.py:93: in save_obj
    _emit_insert_statements(
/usr/local/lib/python3.13/site-packages/sqlalchemy/orm/persistence.py:1233: in _emit_insert_statements
    result = connection.execute(
/usr/local/lib/python3.13/site-packages/sqlalchemy/engine/base.py:1415: in execute
    return meth(
/usr/local/lib/python3.13/site-packages/sqlalchemy/sql/elements.py:523: in _execute_on_connection
    return connection._execute_clauseelement(
/usr/local/lib/python3.13/site-packages/sqlalchemy/engine/base.py:1637: in _execute_clauseelement
    ret = self._execute_context(
/usr/local/lib/python3.13/site-packages/sqlalchemy/engine/base.py:1842: in _execute_context
    return self._exec_single_context(
/usr/local/lib/python3.13/site-packages/sqlalchemy/engine/base.py:1982: in _exec_single_context
    self._handle_dbapi_exception(
/usr/local/lib/python3.13/site-packages/sqlalchemy/engine/base.py:2351: in _handle_dbapi_exception
    raise sqlalchemy_exception.with_traceback(exc_info[2]) from e
/usr/local/lib/python3.13/site-packages/sqlalchemy/engine/base.py:1963: in _exec_single_context
    self.dialect.do_execute(
/usr/local/lib/python3.13/site-packages/sqlalchemy/engine/default.py:943: in do_execute
    cursor.execute(statement, parameters)
E   sqlalchemy.exc.ProgrammingError: (psycopg2.errors.UndefinedColumn) column "online" of relation "instance" does not exist
E   LINE 1: ..., inbox, shared_inbox, outbox, software, version, online, go...
E                                                                ^
E   
E   [SQL: INSERT INTO instance (domain, inbox, shared_inbox, outbox, software, version, online, gone_forever, dormant, trust_level, nodeinfo_href, post_count, user_count, last_seen, last_successful_contact, last_failed_contact, failures, most_recent_attempt, created_at, updated_at) VALUES (%(domain)s, %(inbox)s, %(shared_inbox)s, %(outbox)s, %(software)s, %(version)s, %(online)s, %(gone_forever)s, %(dormant)s, %(trust_level)s, %(nodeinfo_href)s, %(post_count)s, %(user_count)s, %(last_seen)s, %(last_successful_contact)s, %(last_failed_contact)s, %(failures)s, %(most_recent_attempt)s, %(created_at)s, %(updated_at)s) RETURNING instance.id]
E   [parameters: {'domain': 'test.instance', 'inbox': None, 'shared_inbox': None, 'outbox': None, 'software': 'pyfedi', 'version': None, 'online': True, 'gone_forever': False, 'dormant': False, 'trust_level': 0.0, 'nodeinfo_href': None, 'post_count': 0, 'user_count': 0, 'last_seen': None, 'last_successful_contact': None, 'last_failed_contact': None, 'failures': 0, 'most_recent_attempt': None, 'created_at': datetime.datetime(2025, 8, 1, 22, 29, 21, 527018), 'updated_at': None}]
E   (Background on this error at: https://sqlalche.me/e/20/f405)</error></testcase><testcase classname="tests.test_activitypub_routes.TestCollectionRoutes" name="test_community_followers" time="0.003"><error message="failed on setup with &quot;sqlalchemy.exc.ProgrammingError: (psycopg2.errors.UndefinedColumn) column &quot;online&quot; of relation &quot;instance&quot; does not exist&#10;LINE 1: ..., inbox, shared_inbox, outbox, software, version, online, go...&#10;                                                             ^&#10;&#10;[SQL: INSERT INTO instance (domain, inbox, shared_inbox, outbox, software, version, online, gone_forever, dormant, trust_level, nodeinfo_href, post_count, user_count, last_seen, last_successful_contact, last_failed_contact, failures, most_recent_attempt, created_at, updated_at) VALUES (%(domain)s, %(inbox)s, %(shared_inbox)s, %(outbox)s, %(software)s, %(version)s, %(online)s, %(gone_forever)s, %(dormant)s, %(trust_level)s, %(nodeinfo_href)s, %(post_count)s, %(user_count)s, %(last_seen)s, %(last_successful_contact)s, %(last_failed_contact)s, %(failures)s, %(most_recent_attempt)s, %(created_at)s, %(updated_at)s) RETURNING instance.id]&#10;[parameters: {'domain': 'test.instance', 'inbox': None, 'shared_inbox': None, 'outbox': None, 'software': 'pyfedi', 'version': None, 'online': True, 'gone_forever': False, 'dormant': False, 'trust_level': 0.0, 'nodeinfo_href': None, 'post_count': 0, 'user_count': 0, 'last_seen': None, 'last_successful_contact': None, 'last_failed_contact': None, 'failures': 0, 'most_recent_attempt': None, 'created_at': datetime.datetime(2025, 8, 1, 22, 29, 21, 882983), 'updated_at': None}]&#10;(Background on this error at: https://sqlalche.me/e/20/f405)&quot;">/usr/local/lib/python3.13/site-packages/sqlalchemy/engine/base.py:1963: in _exec_single_context
    self.dialect.do_execute(
/usr/local/lib/python3.13/site-packages/sqlalchemy/engine/default.py:943: in do_execute
    cursor.execute(statement, parameters)
E   psycopg2.errors.UndefinedColumn: column "online" of relation "instance" does not exist
E   LINE 1: ..., inbox, shared_inbox, outbox, software, version, online, go...
E                                                                ^

The above exception was the direct cause of the following exception:
/Users/michael/code/pyfedi/tests/conftest.py:106: in test_instance
    ???
/usr/local/lib/python3.13/site-packages/sqlalchemy/orm/scoping.py:599: in commit
    return self._proxied.commit()
           ^^^^^^^^^^^^^^^^^^^^^^
/usr/local/lib/python3.13/site-packages/sqlalchemy/orm/session.py:2032: in commit
    trans.commit(_to_root=True)
/usr/local/lib/python3.13/site-packages/sqlalchemy/orm/state_changes.py:139: in _go
    ret_value = fn(self, *arg, **kw)
                ^^^^^^^^^^^^^^^^^^^^
/usr/local/lib/python3.13/site-packages/sqlalchemy/orm/session.py:1313: in commit
    self._prepare_impl()
/usr/local/lib/python3.13/site-packages/sqlalchemy/orm/state_changes.py:139: in _go
    ret_value = fn(self, *arg, **kw)
                ^^^^^^^^^^^^^^^^^^^^
/usr/local/lib/python3.13/site-packages/sqlalchemy/orm/session.py:1288: in _prepare_impl
    self.session.flush()
/usr/local/lib/python3.13/site-packages/sqlalchemy/orm/session.py:4345: in flush
    self._flush(objects)
/usr/local/lib/python3.13/site-packages/sqlalchemy/orm/session.py:4480: in _flush
    with util.safe_reraise():
         ^^^^^^^^^^^^^^^^^^^
/usr/local/lib/python3.13/site-packages/sqlalchemy/util/langhelpers.py:224: in __exit__
    raise exc_value.with_traceback(exc_tb)
/usr/local/lib/python3.13/site-packages/sqlalchemy/orm/session.py:4441: in _flush
    flush_context.execute()
/usr/local/lib/python3.13/site-packages/sqlalchemy/orm/unitofwork.py:466: in execute
    rec.execute(self)
/usr/local/lib/python3.13/site-packages/sqlalchemy/orm/unitofwork.py:642: in execute
    util.preloaded.orm_persistence.save_obj(
/usr/local/lib/python3.13/site-packages/sqlalchemy/orm/persistence.py:93: in save_obj
    _emit_insert_statements(
/usr/local/lib/python3.13/site-packages/sqlalchemy/orm/persistence.py:1233: in _emit_insert_statements
    result = connection.execute(
/usr/local/lib/python3.13/site-packages/sqlalchemy/engine/base.py:1415: in execute
    return meth(
/usr/local/lib/python3.13/site-packages/sqlalchemy/sql/elements.py:523: in _execute_on_connection
    return connection._execute_clauseelement(
/usr/local/lib/python3.13/site-packages/sqlalchemy/engine/base.py:1637: in _execute_clauseelement
    ret = self._execute_context(
/usr/local/lib/python3.13/site-packages/sqlalchemy/engine/base.py:1842: in _execute_context
    return self._exec_single_context(
/usr/local/lib/python3.13/site-packages/sqlalchemy/engine/base.py:1982: in _exec_single_context
    self._handle_dbapi_exception(
/usr/local/lib/python3.13/site-packages/sqlalchemy/engine/base.py:2351: in _handle_dbapi_exception
    raise sqlalchemy_exception.with_traceback(exc_info[2]) from e
/usr/local/lib/python3.13/site-packages/sqlalchemy/engine/base.py:1963: in _exec_single_context
    self.dialect.do_execute(
/usr/local/lib/python3.13/site-packages/sqlalchemy/engine/default.py:943: in do_execute
    cursor.execute(statement, parameters)
E   sqlalchemy.exc.ProgrammingError: (psycopg2.errors.UndefinedColumn) column "online" of relation "instance" does not exist
E   LINE 1: ..., inbox, shared_inbox, outbox, software, version, online, go...
E                                                                ^
E   
E   [SQL: INSERT INTO instance (domain, inbox, shared_inbox, outbox, software, version, online, gone_forever, dormant, trust_level, nodeinfo_href, post_count, user_count, last_seen, last_successful_contact, last_failed_contact, failures, most_recent_attempt, created_at, updated_at) VALUES (%(domain)s, %(inbox)s, %(shared_inbox)s, %(outbox)s, %(software)s, %(version)s, %(online)s, %(gone_forever)s, %(dormant)s, %(trust_level)s, %(nodeinfo_href)s, %(post_count)s, %(user_count)s, %(last_seen)s, %(last_successful_contact)s, %(last_failed_contact)s, %(failures)s, %(most_recent_attempt)s, %(created_at)s, %(updated_at)s) RETURNING instance.id]
E   [parameters: {'domain': 'test.instance', 'inbox': None, 'shared_inbox': None, 'outbox': None, 'software': 'pyfedi', 'version': None, 'online': True, 'gone_forever': False, 'dormant': False, 'trust_level': 0.0, 'nodeinfo_href': None, 'post_count': 0, 'user_count': 0, 'last_seen': None, 'last_successful_contact': None, 'last_failed_contact': None, 'failures': 0, 'most_recent_attempt': None, 'created_at': datetime.datetime(2025, 8, 1, 22, 29, 21, 882983), 'updated_at': None}]
E   (Background on this error at: https://sqlalche.me/e/20/f405)</error></testcase><testcase classname="tests.test_activitypub_routes.TestCollectionRoutes" name="test_liked_collection" time="0.003"><error message="failed on setup with &quot;sqlalchemy.exc.ProgrammingError: (psycopg2.errors.UndefinedColumn) column &quot;online&quot; of relation &quot;instance&quot; does not exist&#10;LINE 1: ..., inbox, shared_inbox, outbox, software, version, online, go...&#10;                                                             ^&#10;&#10;[SQL: INSERT INTO instance (domain, inbox, shared_inbox, outbox, software, version, online, gone_forever, dormant, trust_level, nodeinfo_href, post_count, user_count, last_seen, last_successful_contact, last_failed_contact, failures, most_recent_attempt, created_at, updated_at) VALUES (%(domain)s, %(inbox)s, %(shared_inbox)s, %(outbox)s, %(software)s, %(version)s, %(online)s, %(gone_forever)s, %(dormant)s, %(trust_level)s, %(nodeinfo_href)s, %(post_count)s, %(user_count)s, %(last_seen)s, %(last_successful_contact)s, %(last_failed_contact)s, %(failures)s, %(most_recent_attempt)s, %(created_at)s, %(updated_at)s) RETURNING instance.id]&#10;[parameters: {'domain': 'test.instance', 'inbox': None, 'shared_inbox': None, 'outbox': None, 'software': 'pyfedi', 'version': None, 'online': True, 'gone_forever': False, 'dormant': False, 'trust_level': 0.0, 'nodeinfo_href': None, 'post_count': 0, 'user_count': 0, 'last_seen': None, 'last_successful_contact': None, 'last_failed_contact': None, 'failures': 0, 'most_recent_attempt': None, 'created_at': datetime.datetime(2025, 8, 1, 22, 29, 22, 242285), 'updated_at': None}]&#10;(Background on this error at: https://sqlalche.me/e/20/f405)&quot;">/usr/local/lib/python3.13/site-packages/sqlalchemy/engine/base.py:1963: in _exec_single_context
    self.dialect.do_execute(
/usr/local/lib/python3.13/site-packages/sqlalchemy/engine/default.py:943: in do_execute
    cursor.execute(statement, parameters)
E   psycopg2.errors.UndefinedColumn: column "online" of relation "instance" does not exist
E   LINE 1: ..., inbox, shared_inbox, outbox, software, version, online, go...
E                                                                ^

The above exception was the direct cause of the following exception:
/Users/michael/code/pyfedi/tests/conftest.py:106: in test_instance
    ???
/usr/local/lib/python3.13/site-packages/sqlalchemy/orm/scoping.py:599: in commit
    return self._proxied.commit()
           ^^^^^^^^^^^^^^^^^^^^^^
/usr/local/lib/python3.13/site-packages/sqlalchemy/orm/session.py:2032: in commit
    trans.commit(_to_root=True)
/usr/local/lib/python3.13/site-packages/sqlalchemy/orm/state_changes.py:139: in _go
    ret_value = fn(self, *arg, **kw)
                ^^^^^^^^^^^^^^^^^^^^
/usr/local/lib/python3.13/site-packages/sqlalchemy/orm/session.py:1313: in commit
    self._prepare_impl()
/usr/local/lib/python3.13/site-packages/sqlalchemy/orm/state_changes.py:139: in _go
    ret_value = fn(self, *arg, **kw)
                ^^^^^^^^^^^^^^^^^^^^
/usr/local/lib/python3.13/site-packages/sqlalchemy/orm/session.py:1288: in _prepare_impl
    self.session.flush()
/usr/local/lib/python3.13/site-packages/sqlalchemy/orm/session.py:4345: in flush
    self._flush(objects)
/usr/local/lib/python3.13/site-packages/sqlalchemy/orm/session.py:4480: in _flush
    with util.safe_reraise():
         ^^^^^^^^^^^^^^^^^^^
/usr/local/lib/python3.13/site-packages/sqlalchemy/util/langhelpers.py:224: in __exit__
    raise exc_value.with_traceback(exc_tb)
/usr/local/lib/python3.13/site-packages/sqlalchemy/orm/session.py:4441: in _flush
    flush_context.execute()
/usr/local/lib/python3.13/site-packages/sqlalchemy/orm/unitofwork.py:466: in execute
    rec.execute(self)
/usr/local/lib/python3.13/site-packages/sqlalchemy/orm/unitofwork.py:642: in execute
    util.preloaded.orm_persistence.save_obj(
/usr/local/lib/python3.13/site-packages/sqlalchemy/orm/persistence.py:93: in save_obj
    _emit_insert_statements(
/usr/local/lib/python3.13/site-packages/sqlalchemy/orm/persistence.py:1233: in _emit_insert_statements
    result = connection.execute(
/usr/local/lib/python3.13/site-packages/sqlalchemy/engine/base.py:1415: in execute
    return meth(
/usr/local/lib/python3.13/site-packages/sqlalchemy/sql/elements.py:523: in _execute_on_connection
    return connection._execute_clauseelement(
[...]
/Users/michael/code/pyfedi/tests/conftest.py:40:  def _db(app)
Requested fixture:
/Users/michael/code/pyfedi/tests/test_security/conftest.py:11:  def app()</error></testcase><testcase classname="tests.test_security.test_uri_validator.TestURIValidator" name="test_missing_scheme_rejected" time="0.000"><error message="failed on setup with &quot;Failed: ScopeMismatch: You tried to access the function scoped fixture app with a session scoped request object. Requesting fixture stack:&#10;/Users/michael/code/pyfedi/tests/conftest.py:40:  def _db(app)&#10;Requested fixture:&#10;/Users/michael/code/pyfedi/tests/test_security/conftest.py:11:  def app()&quot;">ScopeMismatch: You tried to access the function scoped fixture app with a session scoped request object. Requesting fixture stack:
/Users/michael/code/pyfedi/tests/conftest.py:40:  def _db(app)
Requested fixture:
/Users/michael/code/pyfedi/tests/test_security/conftest.py:11:  def app()</error></testcase><testcase classname="tests.test_security.test_uri_validator.TestURIValidator" name="test_missing_hostname_rejected" time="0.000"><error message="failed on setup with &quot;Failed: ScopeMismatch: You tried to access the function scoped fixture app with a session scoped request object. Requesting fixture stack:&#10;/Users/michael/code/pyfedi/tests/conftest.py:40:  def _db(app)&#10;Requested fixture:&#10;/Users/michael/code/pyfedi/tests/test_security/conftest.py:11:  def app()&quot;">ScopeMismatch: You tried to access the function scoped fixture app with a session scoped request object. Requesting fixture stack:
/Users/michael/code/pyfedi/tests/conftest.py:40:  def _db(app)
Requested fixture:
/Users/michael/code/pyfedi/tests/test_security/conftest.py:11:  def app()</error></testcase><testcase classname="tests.test_security.test_uri_validator.TestURIValidator" name="test_localhost_variants_rejected" time="0.000"><error message="failed on setup with &quot;Failed: ScopeMismatch: You tried to access the function scoped fixture app with a session scoped request object. Requesting fixture stack:&#10;/Users/michael/code/pyfedi/tests/conftest.py:40:  def _db(app)&#10;Requested fixture:&#10;/Users/michael/code/pyfedi/tests/test_security/conftest.py:11:  def app()&quot;">ScopeMismatch: You tried to access the function scoped fixture app with a session scoped request object. Requesting fixture stack:
/Users/michael/code/pyfedi/tests/conftest.py:40:  def _db(app)
Requested fixture:
/Users/michael/code/pyfedi/tests/test_security/conftest.py:11:  def app()</error></testcase><testcase classname="tests.test_security.test_uri_validator.TestURIValidator" name="test_private_ip_ranges_rejected" time="0.000"><error message="failed on setup with &quot;Failed: ScopeMismatch: You tried to access the function scoped fixture app with a session scoped request object. Requesting fixture stack:&#10;/Users/michael/code/pyfedi/tests/conftest.py:40:  def _db(app)&#10;Requested fixture:&#10;/Users/michael/code/pyfedi/tests/test_security/conftest.py:11:  def app()&quot;">ScopeMismatch: You tried to access the function scoped fixture app with a session scoped request object. Requesting fixture stack:
/Users/michael/code/pyfedi/tests/conftest.py:40:  def _db(app)
Requested fixture:
/Users/michael/code/pyfedi/tests/test_security/conftest.py:11:  def app()</error></testcase><testcase classname="tests.test_security.test_uri_validator.TestURIValidator" name="test_blocked_ports_rejected" time="0.000"><error message="failed on setup with &quot;Failed: ScopeMismatch: You tried to access the function scoped fixture app with a session scoped request object. Requesting fixture stack:&#10;/Users/michael/code/pyfedi/tests/conftest.py:40:  def _db(app)&#10;Requested fixture:&#10;/Users/michael/code/pyfedi/tests/test_security/conftest.py:11:  def app()&quot;">ScopeMismatch: You tried to access the function scoped fixture app with a session scoped request object. Requesting fixture stack:
/Users/michael/code/pyfedi/tests/conftest.py:40:  def _db(app)
Requested fixture:
/Users/michael/code/pyfedi/tests/test_security/conftest.py:11:  def app()</error></testcase><testcase classname="tests.test_security.test_uri_validator.TestURIValidator" name="test_dns_rebinding_protection" time="0.000"><error message="failed on setup with &quot;Failed: ScopeMismatch: You tried to access the function scoped fixture app with a session scoped request object. Requesting fixture stack:&#10;/Users/michael/code/pyfedi/tests/conftest.py:40:  def _db(app)&#10;Requested fixture:&#10;/Users/michael/code/pyfedi/tests/test_security/conftest.py:11:  def app()&quot;">ScopeMismatch: You tried to access the function scoped fixture app with a session scoped request object. Requesting fixture stack:
/Users/michael/code/pyfedi/tests/conftest.py:40:  def _db(app)
Requested fixture:
/Users/michael/code/pyfedi/tests/test_security/conftest.py:11:  def app()</error></testcase><testcase classname="tests.test_security.test_uri_validator.TestURIValidator" name="test_suspicious_patterns_rejected" time="0.000"><error message="failed on setup with &quot;Failed: ScopeMismatch: You tried to access the function scoped fixture app with a session scoped request object. Requesting fixture stack:&#10;/Users/michael/code/pyfedi/tests/conftest.py:40:  def _db(app)&#10;Requested fixture:&#10;/Users/michael/code/pyfedi/tests/test_security/conftest.py:11:  def app()&quot;">ScopeMismatch: You tried to access the function scoped fixture app with a session scoped request object. Requesting fixture stack:
/Users/michael/code/pyfedi/tests/conftest.py:40:  def _db(app)
Requested fixture:
/Users/michael/code/pyfedi/tests/test_security/conftest.py:11:  def app()</error></testcase><testcase classname="tests.test_security.test_uri_validator.TestURIValidator" name="test_hostname_validation" time="0.000"><error message="failed on setup with &quot;Failed: ScopeMismatch: You tried to access the function scoped fixture app with a session scoped request object. Requesting fixture stack:&#10;/Users/michael/code/pyfedi/tests/conftest.py:40:  def _db(app)&#10;Requested fixture:&#10;/Users/michael/code/pyfedi/tests/test_security/conftest.py:11:  def app()&quot;">ScopeMismatch: You tried to access the function scoped fixture app with a session scoped request object. Requesting fixture stack:
/Users/michael/code/pyfedi/tests/conftest.py:40:  def _db(app)
Requested fixture:
/Users/michael/code/pyfedi/tests/test_security/conftest.py:11:  def app()</error></testcase><testcase classname="tests.test_security.test_uri_validator.TestURIValidator" name="test_activitypub_context_validation" time="0.000"><error message="failed on setup with &quot;Failed: ScopeMismatch: You tried to access the function scoped fixture app with a session scoped request object. Requesting fixture stack:&#10;/Users/michael/code/pyfedi/tests/conftest.py:40:  def _db(app)&#10;Requested fixture:&#10;/Users/michael/code/pyfedi/tests/test_security/conftest.py:11:  def app()&quot;">ScopeMismatch: You tried to access the function scoped fixture app with a session scoped request object. Requesting fixture stack:
/Users/michael/code/pyfedi/tests/conftest.py:40:  def _db(app)
Requested fixture:
/Users/michael/code/pyfedi/tests/test_security/conftest.py:11:  def app()</error></testcase><testcase classname="tests.test_security.test_uri_validator.TestURIValidator" name="test_uri_normalization" time="0.000"><error message="failed on setup with &quot;Failed: ScopeMismatch: You tried to access the function scoped fixture app with a session scoped request object. Requesting fixture stack:&#10;/Users/michael/code/pyfedi/tests/conftest.py:40:  def _db(app)&#10;Requested fixture:&#10;/Users/michael/code/pyfedi/tests/test_security/conftest.py:11:  def app()&quot;">ScopeMismatch: You tried to access the function scoped fixture app with a session scoped request object. Requesting fixture stack:
/Users/michael/code/pyfedi/tests/conftest.py:40:  def _db(app)
Requested fixture:
/Users/michael/code/pyfedi/tests/test_security/conftest.py:11:  def app()</error></testcase><testcase classname="tests.test_security.test_uri_validator.TestURIValidator" name="test_same_origin_check" time="0.000"><error message="failed on setup with &quot;Failed: ScopeMismatch: You tried to access the function scoped fixture app with a session scoped request object. Requesting fixture stack:&#10;/Users/michael/code/pyfedi/tests/conftest.py:40:  def _db(app)&#10;Requested fixture:&#10;/Users/michael/code/pyfedi/tests/test_security/conftest.py:11:  def app()&quot;">ScopeMismatch: You tried to access the function scoped fixture app with a session scoped request object. Requesting fixture stack:
/Users/michael/code/pyfedi/tests/conftest.py:40:  def _db(app)
Requested fixture:
/Users/michael/code/pyfedi/tests/test_security/conftest.py:11:  def app()</error></testcase><testcase classname="tests.test_security.test_uri_validator.TestURIValidator" name="test_batch_validation" time="0.000"><error message="failed on setup with &quot;Failed: ScopeMismatch: You tried to access the function scoped fixture app with a session scoped request object. Requesting fixture stack:&#10;/Users/michael/code/pyfedi/tests/conftest.py:40:  def _db(app)&#10;Requested fixture:&#10;/Users/michael/code/pyfedi/tests/test_security/conftest.py:11:  def app()&quot;">ScopeMismatch: You tried to access the function scoped fixture app with a session scoped request object. Requesting fixture stack:
/Users/michael/code/pyfedi/tests/conftest.py:40:  def _db(app)
Requested fixture:
/Users/michael/code/pyfedi/tests/test_security/conftest.py:11:  def app()</error></testcase><testcase classname="tests.test_security.test_uri_validator.TestSSRFAttackVectors" name="test_cloud_metadata_endpoints_blocked" time="0.000"><error message="failed on setup with &quot;Failed: ScopeMismatch: You tried to access the function scoped fixture app with a session scoped request object. Requesting fixture stack:&#10;/Users/michael/code/pyfedi/tests/conftest.py:40:  def _db(app)&#10;Requested fixture:&#10;/Users/michael/code/pyfedi/tests/test_security/conftest.py:11:  def app()&quot;">ScopeMismatch: You tried to access the function scoped fixture app with a session scoped request object. Requesting fixture stack:
/Users/michael/code/pyfedi/tests/conftest.py:40:  def _db(app)
Requested fixture:
/Users/michael/code/pyfedi/tests/test_security/conftest.py:11:  def app()</error></testcase><testcase classname="tests.test_security.test_uri_validator.TestSSRFAttackVectors" name="test_bypass_attempts_blocked" time="0.000"><error message="failed on setup with &quot;Failed: ScopeMismatch: You tried to access the function scoped fixture app with a session scoped request object. Requesting fixture stack:&#10;/Users/michael/code/pyfedi/tests/conftest.py:40:  def _db(app)&#10;Requested fixture:&#10;/Users/michael/code/pyfedi/tests/test_security/conftest.py:11:  def app()&quot;">ScopeMismatch: You tried to access the function scoped fixture app with a session scoped request object. Requesting fixture stack:
/Users/michael/code/pyfedi/tests/conftest.py:40:  def _db(app)
Requested fixture:
/Users/michael/code/pyfedi/tests/test_security/conftest.py:11:  def app()</error></testcase><testcase classname="tests.test_security.test_uri_validator.TestSSRFAttackVectors" name="test_redirect_chains_not_followed" time="0.016"><error message="failed on setup with &quot;Failed: ScopeMismatch: You tried to access the function scoped fixture app with a session scoped request object. Requesting fixture stack:&#10;/Users/michael/code/pyfedi/tests/conftest.py:40:  def _db(app)&#10;Requested fixture:&#10;/Users/michael/code/pyfedi/tests/test_security/conftest.py:11:  def app()&quot;">ScopeMismatch: You tried to access the function scoped fixture app with a session scoped request object. Requesting fixture stack:
/Users/michael/code/pyfedi/tests/conftest.py:40:  def _db(app)
Requested fixture:
/Users/michael/code/pyfedi/tests/test_security/conftest.py:11:  def app()</error><error message="failed on teardown with &quot;sqlalchemy.exc.CircularDependencyError: Can't sort tables for DROP; an unresolvable foreign key dependency exists between tables: chat_message, conversation.  Please ensure that the ForeignKey and ForeignKeyConstraint objects involved in the cycle have names so that they can be dropped using DROP CONSTRAINT.&quot;">/usr/local/lib/python3.13/site-packages/sqlalchemy/sql/ddl.py:1401: in sort_tables_and_constraints
    candidate_sort = list(
/usr/local/lib/python3.13/site-packages/sqlalchemy/util/topological.py:73: in sort
    for set_ in sort_as_subsets(tuples, allitems):
                ^^^^^^^^^^^^^^^^^^^^^^^^^^^^^^^^^
/usr/local/lib/python3.13/site-packages/sqlalchemy/util/topological.py:47: in sort_as_subsets
    raise CircularDependencyError(
E   sqlalchemy.exc.CircularDependencyError: Circular dependency detected. (Table('conversation', MetaData(), Column('id', Integer(), table=&lt;conversation&gt;, primary_key=True, nullable=False), Column('user1_id', Integer(), ForeignKey('user.id'), table=&lt;conversation&gt;, nullable=False), Column('user2_id', Integer(), ForeignKey('user.id'), table=&lt;conversation&gt;, nullable=False), Column('user1_deleted', Boolean(), table=&lt;conversation&gt;, nullable=False, default=ScalarElementColumnDefault(False)), Column('user2_deleted', Boolean(), table=&lt;conversation&gt;, nullable=False, default=ScalarElementColumnDefault(False)), Column('last_message_id', Integer(), ForeignKey('chat_message.id'), table=&lt;conversation&gt;), Column('created_at', DateTime(), table=&lt;conversation&gt;, nullable=False, default=CallableColumnDefault(&lt;function datetime.utcnow at 0xffff8fdb8b80&gt;)), Column('updated_at', DateTime(), table=&lt;conversation&gt;, onupdate=CallableColumnDefault(&lt;function datetime.utcnow at 0xffff8fdb8cc0&gt;)), schema=None), Table('chat_message', MetaData(), Column('id', Integer(), table=&lt;chat_message&gt;, primary_key=True, nullable=False), Column('conversation_id', Integer(), ForeignKey('conversation.id'), table=&lt;chat_message&gt;, nullable=False), Column('sender_id', Integer(), ForeignKey('user.id'), table=&lt;chat_message&gt;, nullable=False), Column('body', Text(), table=&lt;chat_message&gt;, nullable=False), Column('body_html', Text(), table=&lt;chat_message&gt;, nullable=False), Column('read', Boolean(), table=&lt;chat_message&gt;, nullable=False, default=ScalarElementColumnDefault(False)), Column('read_at', DateTime(), table=&lt;chat_message&gt;), Column('sender_deleted', Boolean(), table=&lt;chat_message&gt;, nullable=False, default=ScalarElementColumnDefault(False)), Column('recipient_deleted', Boolean(), table=&lt;chat_message&gt;, nullable=False, default=ScalarElementColumnDefault(False)), Column('created_at', DateTime(), table=&lt;chat_message&gt;, nullable=False, default=CallableColumnDefault(&lt;function datetime.utcnow at 0xffff8fdb8b80&gt;)), Column('updated_at', DateTime(), table=&lt;chat_message&gt;, onupdate=CallableColumnDefault(&lt;function datetime.utcnow at 0xffff8fdb8cc0&gt;)), schema=None))

During handling of the above exception, another exception occurred:
/usr/local/lib/python3.13/site-packages/sqlalchemy/sql/ddl.py:1085: in visit_metadata
    sort_tables_and_constraints(
/usr/local/lib/python3.13/site-packages/sqlalchemy/sql/ddl.py:1432: in sort_tables_and_constraints
    candidate_sort = list(
/usr/local/lib/python3.13/site-packages/sqlalchemy/util/topological.py:73: in sort
    for set_ in sort_as_subsets(tuples, allitems):
                ^^^^^^^^^^^^^^^^^^^^^^^^^^^^^^^^^
/usr/local/lib/python3.13/site-packages/sqlalchemy/util/topological.py:47: in sort_as_subsets
    raise CircularDependencyError(
E   sqlalchemy.exc.CircularDependencyError: Circular dependency detected. (Table('conversation', MetaData(), Column('id', Integer(), table=&lt;conversation&gt;, primary_key=True, nullable=False), Column('user1_id', Integer(), ForeignKey('user.id'), table=&lt;conversation&gt;, nullable=False), Column('user2_id', Integer(), ForeignKey('user.id'), table=&lt;conversation&gt;, nullable=False), Column('user1_deleted', Boolean(), table=&lt;conversation&gt;, nullable=False, default=ScalarElementColumnDefault(False)), Column('user2_deleted', Boolean(), table=&lt;conversation&gt;, nullable=False, default=ScalarElementColumnDefault(False)), Column('last_message_id', Integer(), ForeignKey('chat_message.id'), table=&lt;conversation&gt;), Column('created_at', DateTime(), table=&lt;conversation&gt;, nullable=False, default=CallableColumnDefault(&lt;function datetime.utcnow at 0xffff8fdb8b80&gt;)), Column('updated_at', DateTime(), table=&lt;conversation&gt;, onupdate=CallableColumnDefault(&lt;function datetime.utcnow at 0xffff8fdb8cc0&gt;)), schema=None), Table('chat_message', MetaData(), Column('id', Integer(), table=&lt;chat_message&gt;, primary_key=True, nullable=False), Column('conversation_id', Integer(), ForeignKey('conversation.id'), table=&lt;chat_message&gt;, nullable=False), Column('sender_id', Integer(), ForeignKey('user.id'), table=&lt;chat_message&gt;, nullable=False), Column('body', Text(), table=&lt;chat_message&gt;, nullable=False), Column('body_html', Text(), table=&lt;chat_message&gt;, nullable=False), Column('read', Boolean(), table=&lt;chat_message&gt;, nullable=False, default=ScalarElementColumnDefault(False)), Column('read_at', DateTime(), table=&lt;chat_message&gt;), Column('sender_deleted', Boolean(), table=&lt;chat_message&gt;, nullable=False, default=ScalarElementColumnDefault(False)), Column('recipient_deleted', Boolean(), table=&lt;chat_message&gt;, nullable=False, default=ScalarElementColumnDefault(False)), Column('created_at', DateTime(), table=&lt;chat_message&gt;, nullable=False, default=CallableColumnDefault(&lt;function datetime.utcnow at 0xffff8fdb8b80&gt;)), Column('updated_at', DateTime(), table=&lt;chat_message&gt;, onupdate=CallableColumnDefault(&lt;function datetime.utcnow at 0xffff8fdb8cc0&gt;)), schema=None))

The above exception was the direct cause of the following exception:
/Users/michael/code/pyfedi/tests/conftest.py:47: in _db
    ???
/usr/local/lib/python3.13/site-packages/flask_sqlalchemy/extension.py:917: in drop_all
    self._call_for_binds(bind_key, "drop_all")
/usr/local/lib/python3.13/site-packages/flask_sqlalchemy/extension.py:881: in _call_for_binds
    getattr(metadata, op_name)(bind=engine)
/usr/local/lib/python3.13/site-packages/sqlalchemy/sql/schema.py:5952: in drop_all
    bind._run_ddl_visitor(
/usr/local/lib/python3.13/site-packages/sqlalchemy/engine/base.py:3248: in _run_ddl_visitor
    conn._run_ddl_visitor(visitorcallable, element, **kwargs)
/usr/local/lib/python3.13/site-packages/sqlalchemy/engine/base.py:2455: in _run_ddl_visitor
    ).traverse_single(element)
      ^^^^^^^^^^^^^^^^^^^^^^^^
/usr/local/lib/python3.13/site-packages/sqlalchemy/sql/visitors.py:664: in traverse_single
    return meth(obj, **kw)
           ^^^^^^^^^^^^^^^
/usr/local/lib/python3.13/site-packages/sqlalchemy/sql/ddl.py:1111: in visit_metadata
    raise exc.CircularDependencyError(
E   sqlalchemy.exc.CircularDependencyError: Can't sort tables for DROP; an unresolvable foreign key dependency exists between tables: chat_message, conversation.  Please ensure that the ForeignKey and ForeignKeyConstraint objects involved in the cycle have names so that they can be dropped using DROP CONSTRAINT.</error></testcase></testsuite></testsuites>